{"C:\\Users\\RAD-H-B\\Desktop\\App Quick\\Quick-credit\\Quick-credit\\server\\test\\tests.js":{"path":"C:\\Users\\RAD-H-B\\Desktop\\App Quick\\Quick-credit\\Quick-credit\\server\\test\\tests.js","statementMap":{"0":{"start":{"line":3,"column":13},"end":{"line":3,"column":29}},"1":{"start":{"line":5,"column":12},"end":{"line":5,"column":51}},"2":{"start":{"line":7,"column":16},"end":{"line":7,"column":60}},"3":{"start":{"line":9,"column":9},"end":{"line":9,"column":53}},"4":{"start":{"line":11,"column":13},"end":{"line":11,"column":66}},"5":{"start":{"line":13,"column":39},"end":{"line":13,"column":95}},"6":{"start":{"line":15,"column":0},"end":{"line":15,"column":43}},"7":{"start":{"line":17,"column":13},"end":{"line":17,"column":38}},"8":{"start":{"line":19,"column":17},"end":{"line":19,"column":19}},"9":{"start":{"line":20,"column":16},"end":{"line":20,"column":18}},"10":{"start":{"line":21,"column":19},"end":{"line":21,"column":53}},"11":{"start":{"line":22,"column":23},"end":{"line":25,"column":1}},"12":{"start":{"line":26,"column":22},"end":{"line":29,"column":1}},"13":{"start":{"line":30,"column":0},"end":{"line":40,"column":3}},"14":{"start":{"line":31,"column":2},"end":{"line":39,"column":5}},"15":{"start":{"line":32,"column":4},"end":{"line":38,"column":7}},"16":{"start":{"line":33,"column":6},"end":{"line":33,"column":28}},"17":{"start":{"line":34,"column":6},"end":{"line":34,"column":39}},"18":{"start":{"line":35,"column":6},"end":{"line":35,"column":47}},"19":{"start":{"line":36,"column":6},"end":{"line":36,"column":92}},"20":{"start":{"line":37,"column":6},"end":{"line":37,"column":13}},"21":{"start":{"line":41,"column":0},"end":{"line":380,"column":3}},"22":{"start":{"line":42,"column":2},"end":{"line":55,"column":5}},"23":{"start":{"line":43,"column":15},"end":{"line":45,"column":5}},"24":{"start":{"line":47,"column":4},"end":{"line":54,"column":7}},"25":{"start":{"line":48,"column":6},"end":{"line":48,"column":39}},"26":{"start":{"line":49,"column":6},"end":{"line":49,"column":37}},"27":{"start":{"line":50,"column":6},"end":{"line":50,"column":45}},"28":{"start":{"line":51,"column":6},"end":{"line":51,"column":43}},"29":{"start":{"line":52,"column":6},"end":{"line":52,"column":53}},"30":{"start":{"line":53,"column":6},"end":{"line":53,"column":13}},"31":{"start":{"line":56,"column":2},"end":{"line":69,"column":5}},"32":{"start":{"line":57,"column":15},"end":{"line":59,"column":5}},"33":{"start":{"line":61,"column":4},"end":{"line":68,"column":7}},"34":{"start":{"line":62,"column":6},"end":{"line":62,"column":39}},"35":{"start":{"line":63,"column":6},"end":{"line":63,"column":37}},"36":{"start":{"line":64,"column":6},"end":{"line":64,"column":45}},"37":{"start":{"line":65,"column":6},"end":{"line":65,"column":43}},"38":{"start":{"line":66,"column":6},"end":{"line":66,"column":76}},"39":{"start":{"line":67,"column":6},"end":{"line":67,"column":13}},"40":{"start":{"line":70,"column":2},"end":{"line":84,"column":5}},"41":{"start":{"line":71,"column":15},"end":{"line":74,"column":5}},"42":{"start":{"line":76,"column":4},"end":{"line":83,"column":7}},"43":{"start":{"line":77,"column":6},"end":{"line":77,"column":39}},"44":{"start":{"line":78,"column":6},"end":{"line":78,"column":37}},"45":{"start":{"line":79,"column":6},"end":{"line":79,"column":45}},"46":{"start":{"line":80,"column":6},"end":{"line":80,"column":43}},"47":{"start":{"line":81,"column":6},"end":{"line":81,"column":58}},"48":{"start":{"line":82,"column":6},"end":{"line":82,"column":13}},"49":{"start":{"line":85,"column":2},"end":{"line":99,"column":5}},"50":{"start":{"line":86,"column":15},"end":{"line":89,"column":5}},"51":{"start":{"line":91,"column":4},"end":{"line":98,"column":7}},"52":{"start":{"line":92,"column":6},"end":{"line":92,"column":39}},"53":{"start":{"line":93,"column":6},"end":{"line":93,"column":37}},"54":{"start":{"line":94,"column":6},"end":{"line":94,"column":45}},"55":{"start":{"line":95,"column":6},"end":{"line":95,"column":43}},"56":{"start":{"line":96,"column":6},"end":{"line":96,"column":54}},"57":{"start":{"line":97,"column":6},"end":{"line":97,"column":13}},"58":{"start":{"line":100,"column":2},"end":{"line":114,"column":5}},"59":{"start":{"line":101,"column":15},"end":{"line":104,"column":5}},"60":{"start":{"line":106,"column":4},"end":{"line":113,"column":7}},"61":{"start":{"line":107,"column":6},"end":{"line":107,"column":39}},"62":{"start":{"line":108,"column":6},"end":{"line":108,"column":37}},"63":{"start":{"line":109,"column":6},"end":{"line":109,"column":45}},"64":{"start":{"line":110,"column":6},"end":{"line":110,"column":43}},"65":{"start":{"line":111,"column":6},"end":{"line":111,"column":55}},"66":{"start":{"line":112,"column":6},"end":{"line":112,"column":13}},"67":{"start":{"line":115,"column":2},"end":{"line":129,"column":5}},"68":{"start":{"line":116,"column":15},"end":{"line":119,"column":5}},"69":{"start":{"line":121,"column":4},"end":{"line":128,"column":7}},"70":{"start":{"line":122,"column":6},"end":{"line":122,"column":39}},"71":{"start":{"line":123,"column":6},"end":{"line":123,"column":37}},"72":{"start":{"line":124,"column":6},"end":{"line":124,"column":45}},"73":{"start":{"line":125,"column":6},"end":{"line":125,"column":43}},"74":{"start":{"line":126,"column":6},"end":{"line":126,"column":74}},"75":{"start":{"line":127,"column":6},"end":{"line":127,"column":13}},"76":{"start":{"line":130,"column":2},"end":{"line":144,"column":5}},"77":{"start":{"line":131,"column":15},"end":{"line":134,"column":5}},"78":{"start":{"line":136,"column":4},"end":{"line":143,"column":7}},"79":{"start":{"line":137,"column":6},"end":{"line":137,"column":39}},"80":{"start":{"line":138,"column":6},"end":{"line":138,"column":37}},"81":{"start":{"line":139,"column":6},"end":{"line":139,"column":45}},"82":{"start":{"line":140,"column":6},"end":{"line":140,"column":43}},"83":{"start":{"line":141,"column":6},"end":{"line":141,"column":80}},"84":{"start":{"line":142,"column":6},"end":{"line":142,"column":13}},"85":{"start":{"line":145,"column":2},"end":{"line":160,"column":5}},"86":{"start":{"line":146,"column":15},"end":{"line":150,"column":5}},"87":{"start":{"line":152,"column":4},"end":{"line":159,"column":7}},"88":{"start":{"line":153,"column":6},"end":{"line":153,"column":39}},"89":{"start":{"line":154,"column":6},"end":{"line":154,"column":37}},"90":{"start":{"line":155,"column":6},"end":{"line":155,"column":45}},"91":{"start":{"line":156,"column":6},"end":{"line":156,"column":43}},"92":{"start":{"line":157,"column":6},"end":{"line":157,"column":57}},"93":{"start":{"line":158,"column":6},"end":{"line":158,"column":13}},"94":{"start":{"line":161,"column":2},"end":{"line":176,"column":5}},"95":{"start":{"line":162,"column":15},"end":{"line":166,"column":5}},"96":{"start":{"line":168,"column":4},"end":{"line":175,"column":7}},"97":{"start":{"line":169,"column":6},"end":{"line":169,"column":39}},"98":{"start":{"line":170,"column":6},"end":{"line":170,"column":37}},"99":{"start":{"line":171,"column":6},"end":{"line":171,"column":45}},"100":{"start":{"line":172,"column":6},"end":{"line":172,"column":43}},"101":{"start":{"line":173,"column":6},"end":{"line":173,"column":53}},"102":{"start":{"line":174,"column":6},"end":{"line":174,"column":13}},"103":{"start":{"line":177,"column":2},"end":{"line":192,"column":5}},"104":{"start":{"line":178,"column":15},"end":{"line":182,"column":5}},"105":{"start":{"line":184,"column":4},"end":{"line":191,"column":7}},"106":{"start":{"line":185,"column":6},"end":{"line":185,"column":39}},"107":{"start":{"line":186,"column":6},"end":{"line":186,"column":37}},"108":{"start":{"line":187,"column":6},"end":{"line":187,"column":45}},"109":{"start":{"line":188,"column":6},"end":{"line":188,"column":43}},"110":{"start":{"line":189,"column":6},"end":{"line":189,"column":54}},"111":{"start":{"line":190,"column":6},"end":{"line":190,"column":13}},"112":{"start":{"line":193,"column":2},"end":{"line":208,"column":5}},"113":{"start":{"line":194,"column":15},"end":{"line":198,"column":5}},"114":{"start":{"line":200,"column":4},"end":{"line":207,"column":7}},"115":{"start":{"line":201,"column":6},"end":{"line":201,"column":39}},"116":{"start":{"line":202,"column":6},"end":{"line":202,"column":37}},"117":{"start":{"line":203,"column":6},"end":{"line":203,"column":45}},"118":{"start":{"line":204,"column":6},"end":{"line":204,"column":43}},"119":{"start":{"line":205,"column":6},"end":{"line":205,"column":73}},"120":{"start":{"line":206,"column":6},"end":{"line":206,"column":13}},"121":{"start":{"line":209,"column":2},"end":{"line":224,"column":5}},"122":{"start":{"line":210,"column":15},"end":{"line":214,"column":5}},"123":{"start":{"line":216,"column":4},"end":{"line":223,"column":7}},"124":{"start":{"line":217,"column":6},"end":{"line":217,"column":39}},"125":{"start":{"line":218,"column":6},"end":{"line":218,"column":37}},"126":{"start":{"line":219,"column":6},"end":{"line":219,"column":45}},"127":{"start":{"line":220,"column":6},"end":{"line":220,"column":43}},"128":{"start":{"line":221,"column":6},"end":{"line":221,"column":79}},"129":{"start":{"line":222,"column":6},"end":{"line":222,"column":13}},"130":{"start":{"line":225,"column":2},"end":{"line":241,"column":5}},"131":{"start":{"line":226,"column":15},"end":{"line":231,"column":5}},"132":{"start":{"line":233,"column":4},"end":{"line":240,"column":7}},"133":{"start":{"line":234,"column":6},"end":{"line":234,"column":39}},"134":{"start":{"line":235,"column":6},"end":{"line":235,"column":37}},"135":{"start":{"line":236,"column":6},"end":{"line":236,"column":45}},"136":{"start":{"line":237,"column":6},"end":{"line":237,"column":43}},"137":{"start":{"line":238,"column":6},"end":{"line":238,"column":56}},"138":{"start":{"line":239,"column":6},"end":{"line":239,"column":13}},"139":{"start":{"line":242,"column":2},"end":{"line":259,"column":5}},"140":{"start":{"line":243,"column":15},"end":{"line":249,"column":5}},"141":{"start":{"line":251,"column":4},"end":{"line":258,"column":7}},"142":{"start":{"line":252,"column":6},"end":{"line":252,"column":39}},"143":{"start":{"line":253,"column":6},"end":{"line":253,"column":37}},"144":{"start":{"line":254,"column":6},"end":{"line":254,"column":45}},"145":{"start":{"line":255,"column":6},"end":{"line":255,"column":43}},"146":{"start":{"line":256,"column":6},"end":{"line":256,"column":59}},"147":{"start":{"line":257,"column":6},"end":{"line":257,"column":13}},"148":{"start":{"line":260,"column":2},"end":{"line":278,"column":5}},"149":{"start":{"line":261,"column":15},"end":{"line":268,"column":5}},"150":{"start":{"line":270,"column":4},"end":{"line":277,"column":7}},"151":{"start":{"line":271,"column":6},"end":{"line":271,"column":39}},"152":{"start":{"line":272,"column":6},"end":{"line":272,"column":37}},"153":{"start":{"line":273,"column":6},"end":{"line":273,"column":45}},"154":{"start":{"line":274,"column":6},"end":{"line":274,"column":43}},"155":{"start":{"line":275,"column":6},"end":{"line":275,"column":55}},"156":{"start":{"line":276,"column":6},"end":{"line":276,"column":13}},"157":{"start":{"line":279,"column":2},"end":{"line":297,"column":5}},"158":{"start":{"line":280,"column":15},"end":{"line":287,"column":5}},"159":{"start":{"line":289,"column":4},"end":{"line":296,"column":7}},"160":{"start":{"line":290,"column":6},"end":{"line":290,"column":39}},"161":{"start":{"line":291,"column":6},"end":{"line":291,"column":37}},"162":{"start":{"line":292,"column":6},"end":{"line":292,"column":45}},"163":{"start":{"line":293,"column":6},"end":{"line":293,"column":43}},"164":{"start":{"line":294,"column":6},"end":{"line":294,"column":51}},"165":{"start":{"line":295,"column":6},"end":{"line":295,"column":13}},"166":{"start":{"line":298,"column":2},"end":{"line":316,"column":5}},"167":{"start":{"line":299,"column":15},"end":{"line":306,"column":5}},"168":{"start":{"line":308,"column":4},"end":{"line":315,"column":7}},"169":{"start":{"line":309,"column":6},"end":{"line":309,"column":39}},"170":{"start":{"line":310,"column":6},"end":{"line":310,"column":37}},"171":{"start":{"line":311,"column":6},"end":{"line":311,"column":45}},"172":{"start":{"line":312,"column":6},"end":{"line":312,"column":43}},"173":{"start":{"line":313,"column":6},"end":{"line":313,"column":52}},"174":{"start":{"line":314,"column":6},"end":{"line":314,"column":13}},"175":{"start":{"line":317,"column":2},"end":{"line":335,"column":5}},"176":{"start":{"line":318,"column":15},"end":{"line":325,"column":5}},"177":{"start":{"line":327,"column":4},"end":{"line":334,"column":7}},"178":{"start":{"line":328,"column":6},"end":{"line":328,"column":39}},"179":{"start":{"line":329,"column":6},"end":{"line":329,"column":37}},"180":{"start":{"line":330,"column":6},"end":{"line":330,"column":45}},"181":{"start":{"line":331,"column":6},"end":{"line":331,"column":43}},"182":{"start":{"line":332,"column":6},"end":{"line":332,"column":98}},"183":{"start":{"line":333,"column":6},"end":{"line":333,"column":13}},"184":{"start":{"line":336,"column":2},"end":{"line":360,"column":5}},"185":{"start":{"line":337,"column":15},"end":{"line":344,"column":5}},"186":{"start":{"line":346,"column":4},"end":{"line":359,"column":7}},"187":{"start":{"line":347,"column":6},"end":{"line":347,"column":39}},"188":{"start":{"line":348,"column":6},"end":{"line":348,"column":37}},"189":{"start":{"line":349,"column":6},"end":{"line":349,"column":44}},"190":{"start":{"line":350,"column":6},"end":{"line":350,"column":50}},"191":{"start":{"line":351,"column":6},"end":{"line":351,"column":47}},"192":{"start":{"line":352,"column":6},"end":{"line":352,"column":74}},"193":{"start":{"line":353,"column":6},"end":{"line":353,"column":72}},"194":{"start":{"line":354,"column":6},"end":{"line":354,"column":66}},"195":{"start":{"line":355,"column":6},"end":{"line":355,"column":70}},"196":{"start":{"line":356,"column":6},"end":{"line":356,"column":69}},"197":{"start":{"line":357,"column":6},"end":{"line":357,"column":63}},"198":{"start":{"line":358,"column":6},"end":{"line":358,"column":13}},"199":{"start":{"line":361,"column":2},"end":{"line":379,"column":5}},"200":{"start":{"line":362,"column":15},"end":{"line":369,"column":5}},"201":{"start":{"line":371,"column":4},"end":{"line":378,"column":7}},"202":{"start":{"line":372,"column":6},"end":{"line":372,"column":39}},"203":{"start":{"line":373,"column":6},"end":{"line":373,"column":37}},"204":{"start":{"line":374,"column":6},"end":{"line":374,"column":45}},"205":{"start":{"line":375,"column":6},"end":{"line":375,"column":43}},"206":{"start":{"line":376,"column":6},"end":{"line":376,"column":55}},"207":{"start":{"line":377,"column":6},"end":{"line":377,"column":13}},"208":{"start":{"line":381,"column":0},"end":{"line":461,"column":3}},"209":{"start":{"line":382,"column":2},"end":{"line":395,"column":5}},"210":{"start":{"line":383,"column":15},"end":{"line":385,"column":5}},"211":{"start":{"line":387,"column":4},"end":{"line":394,"column":7}},"212":{"start":{"line":388,"column":6},"end":{"line":388,"column":39}},"213":{"start":{"line":389,"column":6},"end":{"line":389,"column":37}},"214":{"start":{"line":390,"column":6},"end":{"line":390,"column":45}},"215":{"start":{"line":391,"column":6},"end":{"line":391,"column":43}},"216":{"start":{"line":392,"column":6},"end":{"line":392,"column":53}},"217":{"start":{"line":393,"column":6},"end":{"line":393,"column":13}},"218":{"start":{"line":396,"column":2},"end":{"line":409,"column":5}},"219":{"start":{"line":397,"column":15},"end":{"line":399,"column":5}},"220":{"start":{"line":401,"column":4},"end":{"line":408,"column":7}},"221":{"start":{"line":402,"column":6},"end":{"line":402,"column":39}},"222":{"start":{"line":403,"column":6},"end":{"line":403,"column":37}},"223":{"start":{"line":404,"column":6},"end":{"line":404,"column":45}},"224":{"start":{"line":405,"column":6},"end":{"line":405,"column":43}},"225":{"start":{"line":406,"column":6},"end":{"line":406,"column":76}},"226":{"start":{"line":407,"column":6},"end":{"line":407,"column":13}},"227":{"start":{"line":410,"column":2},"end":{"line":424,"column":5}},"228":{"start":{"line":411,"column":15},"end":{"line":414,"column":5}},"229":{"start":{"line":416,"column":4},"end":{"line":423,"column":7}},"230":{"start":{"line":417,"column":6},"end":{"line":417,"column":39}},"231":{"start":{"line":418,"column":6},"end":{"line":418,"column":37}},"232":{"start":{"line":419,"column":6},"end":{"line":419,"column":45}},"233":{"start":{"line":420,"column":6},"end":{"line":420,"column":43}},"234":{"start":{"line":421,"column":6},"end":{"line":421,"column":56}},"235":{"start":{"line":422,"column":6},"end":{"line":422,"column":13}},"236":{"start":{"line":425,"column":2},"end":{"line":439,"column":5}},"237":{"start":{"line":426,"column":15},"end":{"line":429,"column":5}},"238":{"start":{"line":431,"column":4},"end":{"line":438,"column":7}},"239":{"start":{"line":432,"column":6},"end":{"line":432,"column":39}},"240":{"start":{"line":433,"column":6},"end":{"line":433,"column":37}},"241":{"start":{"line":434,"column":6},"end":{"line":434,"column":45}},"242":{"start":{"line":435,"column":6},"end":{"line":435,"column":43}},"243":{"start":{"line":436,"column":6},"end":{"line":436,"column":50}},"244":{"start":{"line":437,"column":6},"end":{"line":437,"column":13}},"245":{"start":{"line":440,"column":2},"end":{"line":460,"column":5}},"246":{"start":{"line":441,"column":15},"end":{"line":444,"column":5}},"247":{"start":{"line":446,"column":4},"end":{"line":459,"column":7}},"248":{"start":{"line":447,"column":6},"end":{"line":447,"column":39}},"249":{"start":{"line":448,"column":6},"end":{"line":448,"column":37}},"250":{"start":{"line":449,"column":6},"end":{"line":449,"column":44}},"251":{"start":{"line":450,"column":6},"end":{"line":450,"column":50}},"252":{"start":{"line":451,"column":6},"end":{"line":451,"column":47}},"253":{"start":{"line":452,"column":6},"end":{"line":452,"column":83}},"254":{"start":{"line":453,"column":6},"end":{"line":453,"column":81}},"255":{"start":{"line":454,"column":6},"end":{"line":454,"column":75}},"256":{"start":{"line":455,"column":6},"end":{"line":455,"column":79}},"257":{"start":{"line":456,"column":6},"end":{"line":456,"column":77}},"258":{"start":{"line":457,"column":6},"end":{"line":457,"column":79}},"259":{"start":{"line":458,"column":6},"end":{"line":458,"column":13}},"260":{"start":{"line":462,"column":0},"end":{"line":488,"column":3}},"261":{"start":{"line":463,"column":2},"end":{"line":487,"column":5}},"262":{"start":{"line":464,"column":21},"end":{"line":467,"column":5}},"263":{"start":{"line":469,"column":4},"end":{"line":486,"column":7}},"264":{"start":{"line":470,"column":6},"end":{"line":470,"column":43}},"265":{"start":{"line":471,"column":17},"end":{"line":476,"column":7}},"266":{"start":{"line":478,"column":6},"end":{"line":485,"column":9}},"267":{"start":{"line":479,"column":8},"end":{"line":479,"column":41}},"268":{"start":{"line":480,"column":8},"end":{"line":480,"column":39}},"269":{"start":{"line":481,"column":8},"end":{"line":481,"column":47}},"270":{"start":{"line":482,"column":8},"end":{"line":482,"column":45}},"271":{"start":{"line":483,"column":8},"end":{"line":483,"column":106}},"272":{"start":{"line":484,"column":8},"end":{"line":484,"column":15}},"273":{"start":{"line":489,"column":0},"end":{"line":562,"column":3}},"274":{"start":{"line":490,"column":2},"end":{"line":495,"column":5}},"275":{"start":{"line":491,"column":4},"end":{"line":494,"column":7}},"276":{"start":{"line":492,"column":6},"end":{"line":492,"column":44}},"277":{"start":{"line":493,"column":6},"end":{"line":493,"column":13}},"278":{"start":{"line":496,"column":2},"end":{"line":506,"column":5}},"279":{"start":{"line":497,"column":4},"end":{"line":503,"column":7}},"280":{"start":{"line":500,"column":6},"end":{"line":500,"column":44}},"281":{"start":{"line":501,"column":6},"end":{"line":501,"column":50}},"282":{"start":{"line":502,"column":6},"end":{"line":502,"column":59}},"283":{"start":{"line":505,"column":4},"end":{"line":505,"column":11}},"284":{"start":{"line":507,"column":2},"end":{"line":517,"column":5}},"285":{"start":{"line":508,"column":4},"end":{"line":514,"column":7}},"286":{"start":{"line":511,"column":6},"end":{"line":511,"column":44}},"287":{"start":{"line":512,"column":6},"end":{"line":512,"column":49}},"288":{"start":{"line":513,"column":6},"end":{"line":513,"column":55}},"289":{"start":{"line":516,"column":4},"end":{"line":516,"column":11}},"290":{"start":{"line":518,"column":2},"end":{"line":528,"column":5}},"291":{"start":{"line":519,"column":4},"end":{"line":525,"column":7}},"292":{"start":{"line":522,"column":6},"end":{"line":522,"column":44}},"293":{"start":{"line":523,"column":6},"end":{"line":523,"column":50}},"294":{"start":{"line":524,"column":6},"end":{"line":524,"column":82}},"295":{"start":{"line":527,"column":4},"end":{"line":527,"column":11}},"296":{"start":{"line":529,"column":2},"end":{"line":539,"column":5}},"297":{"start":{"line":530,"column":4},"end":{"line":536,"column":7}},"298":{"start":{"line":533,"column":6},"end":{"line":533,"column":44}},"299":{"start":{"line":534,"column":6},"end":{"line":534,"column":50}},"300":{"start":{"line":535,"column":6},"end":{"line":535,"column":83}},"301":{"start":{"line":538,"column":4},"end":{"line":538,"column":11}},"302":{"start":{"line":540,"column":2},"end":{"line":550,"column":5}},"303":{"start":{"line":541,"column":4},"end":{"line":547,"column":7}},"304":{"start":{"line":544,"column":6},"end":{"line":544,"column":44}},"305":{"start":{"line":545,"column":6},"end":{"line":545,"column":50}},"306":{"start":{"line":546,"column":6},"end":{"line":546,"column":82}},"307":{"start":{"line":549,"column":4},"end":{"line":549,"column":11}},"308":{"start":{"line":551,"column":2},"end":{"line":561,"column":5}},"309":{"start":{"line":552,"column":4},"end":{"line":558,"column":7}},"310":{"start":{"line":555,"column":6},"end":{"line":555,"column":44}},"311":{"start":{"line":556,"column":6},"end":{"line":556,"column":50}},"312":{"start":{"line":557,"column":6},"end":{"line":557,"column":52}},"313":{"start":{"line":560,"column":4},"end":{"line":560,"column":11}},"314":{"start":{"line":563,"column":0},"end":{"line":675,"column":3}},"315":{"start":{"line":564,"column":18},"end":{"line":569,"column":3}},"316":{"start":{"line":570,"column":2},"end":{"line":579,"column":5}},"317":{"start":{"line":571,"column":4},"end":{"line":578,"column":7}},"318":{"start":{"line":572,"column":6},"end":{"line":572,"column":39}},"319":{"start":{"line":573,"column":6},"end":{"line":573,"column":37}},"320":{"start":{"line":574,"column":6},"end":{"line":574,"column":45}},"321":{"start":{"line":575,"column":6},"end":{"line":575,"column":43}},"322":{"start":{"line":576,"column":6},"end":{"line":576,"column":47}},"323":{"start":{"line":577,"column":6},"end":{"line":577,"column":13}},"324":{"start":{"line":580,"column":2},"end":{"line":589,"column":5}},"325":{"start":{"line":581,"column":4},"end":{"line":588,"column":7}},"326":{"start":{"line":582,"column":6},"end":{"line":582,"column":39}},"327":{"start":{"line":583,"column":6},"end":{"line":583,"column":37}},"328":{"start":{"line":584,"column":6},"end":{"line":584,"column":45}},"329":{"start":{"line":585,"column":6},"end":{"line":585,"column":43}},"330":{"start":{"line":586,"column":6},"end":{"line":586,"column":78}},"331":{"start":{"line":587,"column":6},"end":{"line":587,"column":13}},"332":{"start":{"line":590,"column":2},"end":{"line":674,"column":5}},"333":{"start":{"line":591,"column":4},"end":{"line":596,"column":7}},"334":{"start":{"line":592,"column":6},"end":{"line":595,"column":9}},"335":{"start":{"line":593,"column":8},"end":{"line":593,"column":45}},"336":{"start":{"line":594,"column":8},"end":{"line":594,"column":15}},"337":{"start":{"line":597,"column":4},"end":{"line":605,"column":7}},"338":{"start":{"line":598,"column":6},"end":{"line":604,"column":9}},"339":{"start":{"line":599,"column":8},"end":{"line":599,"column":41}},"340":{"start":{"line":600,"column":8},"end":{"line":600,"column":39}},"341":{"start":{"line":601,"column":8},"end":{"line":601,"column":47}},"342":{"start":{"line":602,"column":8},"end":{"line":602,"column":78}},"343":{"start":{"line":603,"column":8},"end":{"line":603,"column":15}},"344":{"start":{"line":606,"column":4},"end":{"line":616,"column":7}},"345":{"start":{"line":607,"column":6},"end":{"line":607,"column":27}},"346":{"start":{"line":609,"column":6},"end":{"line":615,"column":9}},"347":{"start":{"line":610,"column":8},"end":{"line":610,"column":41}},"348":{"start":{"line":611,"column":8},"end":{"line":611,"column":39}},"349":{"start":{"line":612,"column":8},"end":{"line":612,"column":45}},"350":{"start":{"line":613,"column":8},"end":{"line":613,"column":60}},"351":{"start":{"line":614,"column":8},"end":{"line":614,"column":15}},"352":{"start":{"line":617,"column":4},"end":{"line":627,"column":7}},"353":{"start":{"line":618,"column":6},"end":{"line":618,"column":28}},"354":{"start":{"line":620,"column":6},"end":{"line":626,"column":9}},"355":{"start":{"line":621,"column":8},"end":{"line":621,"column":41}},"356":{"start":{"line":622,"column":8},"end":{"line":622,"column":39}},"357":{"start":{"line":623,"column":8},"end":{"line":623,"column":45}},"358":{"start":{"line":624,"column":8},"end":{"line":624,"column":67}},"359":{"start":{"line":625,"column":8},"end":{"line":625,"column":15}},"360":{"start":{"line":628,"column":4},"end":{"line":638,"column":7}},"361":{"start":{"line":629,"column":6},"end":{"line":629,"column":29}},"362":{"start":{"line":631,"column":6},"end":{"line":637,"column":9}},"363":{"start":{"line":632,"column":8},"end":{"line":632,"column":41}},"364":{"start":{"line":633,"column":8},"end":{"line":633,"column":39}},"365":{"start":{"line":634,"column":8},"end":{"line":634,"column":45}},"366":{"start":{"line":635,"column":8},"end":{"line":635,"column":73}},"367":{"start":{"line":636,"column":8},"end":{"line":636,"column":15}},"368":{"start":{"line":639,"column":4},"end":{"line":650,"column":7}},"369":{"start":{"line":640,"column":6},"end":{"line":640,"column":28}},"370":{"start":{"line":641,"column":6},"end":{"line":641,"column":37}},"371":{"start":{"line":643,"column":6},"end":{"line":649,"column":9}},"372":{"start":{"line":644,"column":8},"end":{"line":644,"column":41}},"373":{"start":{"line":645,"column":8},"end":{"line":645,"column":39}},"374":{"start":{"line":646,"column":8},"end":{"line":646,"column":45}},"375":{"start":{"line":647,"column":8},"end":{"line":647,"column":61}},"376":{"start":{"line":648,"column":8},"end":{"line":648,"column":15}},"377":{"start":{"line":651,"column":4},"end":{"line":662,"column":7}},"378":{"start":{"line":652,"column":6},"end":{"line":652,"column":36}},"379":{"start":{"line":653,"column":6},"end":{"line":653,"column":29}},"380":{"start":{"line":655,"column":6},"end":{"line":661,"column":9}},"381":{"start":{"line":656,"column":8},"end":{"line":656,"column":41}},"382":{"start":{"line":657,"column":8},"end":{"line":657,"column":39}},"383":{"start":{"line":658,"column":8},"end":{"line":658,"column":45}},"384":{"start":{"line":659,"column":8},"end":{"line":659,"column":62}},"385":{"start":{"line":660,"column":8},"end":{"line":660,"column":15}},"386":{"start":{"line":663,"column":4},"end":{"line":673,"column":7}},"387":{"start":{"line":664,"column":6},"end":{"line":664,"column":38}},"388":{"start":{"line":666,"column":6},"end":{"line":672,"column":9}},"389":{"start":{"line":667,"column":8},"end":{"line":667,"column":41}},"390":{"start":{"line":668,"column":8},"end":{"line":668,"column":39}},"391":{"start":{"line":669,"column":8},"end":{"line":669,"column":45}},"392":{"start":{"line":670,"column":8},"end":{"line":670,"column":77}},"393":{"start":{"line":671,"column":8},"end":{"line":671,"column":15}},"394":{"start":{"line":676,"column":0},"end":{"line":733,"column":3}},"395":{"start":{"line":677,"column":2},"end":{"line":687,"column":5}},"396":{"start":{"line":678,"column":4},"end":{"line":686,"column":7}},"397":{"start":{"line":679,"column":6},"end":{"line":679,"column":44}},"398":{"start":{"line":680,"column":6},"end":{"line":680,"column":44}},"399":{"start":{"line":681,"column":6},"end":{"line":681,"column":42}},"400":{"start":{"line":682,"column":6},"end":{"line":682,"column":55}},"401":{"start":{"line":683,"column":6},"end":{"line":683,"column":57}},"402":{"start":{"line":684,"column":6},"end":{"line":684,"column":50}},"403":{"start":{"line":685,"column":6},"end":{"line":685,"column":13}},"404":{"start":{"line":688,"column":2},"end":{"line":699,"column":5}},"405":{"start":{"line":689,"column":4},"end":{"line":696,"column":7}},"406":{"start":{"line":692,"column":6},"end":{"line":692,"column":44}},"407":{"start":{"line":693,"column":6},"end":{"line":693,"column":50}},"408":{"start":{"line":694,"column":6},"end":{"line":694,"column":48}},"409":{"start":{"line":695,"column":6},"end":{"line":695,"column":56}},"410":{"start":{"line":698,"column":4},"end":{"line":698,"column":11}},"411":{"start":{"line":700,"column":2},"end":{"line":710,"column":5}},"412":{"start":{"line":701,"column":4},"end":{"line":707,"column":7}},"413":{"start":{"line":704,"column":6},"end":{"line":704,"column":44}},"414":{"start":{"line":705,"column":6},"end":{"line":705,"column":49}},"415":{"start":{"line":706,"column":6},"end":{"line":706,"column":55}},"416":{"start":{"line":709,"column":4},"end":{"line":709,"column":11}},"417":{"start":{"line":711,"column":2},"end":{"line":721,"column":5}},"418":{"start":{"line":712,"column":4},"end":{"line":718,"column":7}},"419":{"start":{"line":715,"column":6},"end":{"line":715,"column":44}},"420":{"start":{"line":716,"column":6},"end":{"line":716,"column":49}},"421":{"start":{"line":717,"column":6},"end":{"line":717,"column":55}},"422":{"start":{"line":720,"column":4},"end":{"line":720,"column":11}},"423":{"start":{"line":722,"column":2},"end":{"line":732,"column":5}},"424":{"start":{"line":723,"column":4},"end":{"line":729,"column":7}},"425":{"start":{"line":726,"column":6},"end":{"line":726,"column":44}},"426":{"start":{"line":727,"column":6},"end":{"line":727,"column":49}},"427":{"start":{"line":728,"column":6},"end":{"line":728,"column":54}},"428":{"start":{"line":731,"column":4},"end":{"line":731,"column":11}},"429":{"start":{"line":734,"column":0},"end":{"line":819,"column":3}},"430":{"start":{"line":735,"column":22},"end":{"line":737,"column":3}},"431":{"start":{"line":738,"column":2},"end":{"line":747,"column":5}},"432":{"start":{"line":739,"column":4},"end":{"line":746,"column":7}},"433":{"start":{"line":740,"column":6},"end":{"line":740,"column":39}},"434":{"start":{"line":741,"column":6},"end":{"line":741,"column":37}},"435":{"start":{"line":742,"column":6},"end":{"line":742,"column":45}},"436":{"start":{"line":743,"column":6},"end":{"line":743,"column":43}},"437":{"start":{"line":744,"column":6},"end":{"line":744,"column":47}},"438":{"start":{"line":745,"column":6},"end":{"line":745,"column":13}},"439":{"start":{"line":748,"column":2},"end":{"line":757,"column":5}},"440":{"start":{"line":749,"column":4},"end":{"line":756,"column":7}},"441":{"start":{"line":750,"column":6},"end":{"line":750,"column":39}},"442":{"start":{"line":751,"column":6},"end":{"line":751,"column":37}},"443":{"start":{"line":752,"column":6},"end":{"line":752,"column":45}},"444":{"start":{"line":753,"column":6},"end":{"line":753,"column":43}},"445":{"start":{"line":754,"column":6},"end":{"line":754,"column":78}},"446":{"start":{"line":755,"column":6},"end":{"line":755,"column":13}},"447":{"start":{"line":758,"column":2},"end":{"line":766,"column":5}},"448":{"start":{"line":759,"column":4},"end":{"line":763,"column":7}},"449":{"start":{"line":760,"column":6},"end":{"line":760,"column":44}},"450":{"start":{"line":761,"column":6},"end":{"line":761,"column":50}},"451":{"start":{"line":762,"column":6},"end":{"line":762,"column":82}},"452":{"start":{"line":765,"column":4},"end":{"line":765,"column":11}},"453":{"start":{"line":767,"column":2},"end":{"line":775,"column":5}},"454":{"start":{"line":768,"column":4},"end":{"line":774,"column":7}},"455":{"start":{"line":769,"column":6},"end":{"line":769,"column":39}},"456":{"start":{"line":770,"column":6},"end":{"line":770,"column":37}},"457":{"start":{"line":771,"column":6},"end":{"line":771,"column":43}},"458":{"start":{"line":772,"column":6},"end":{"line":772,"column":51}},"459":{"start":{"line":773,"column":6},"end":{"line":773,"column":13}},"460":{"start":{"line":776,"column":2},"end":{"line":784,"column":5}},"461":{"start":{"line":777,"column":4},"end":{"line":783,"column":7}},"462":{"start":{"line":778,"column":6},"end":{"line":778,"column":39}},"463":{"start":{"line":779,"column":6},"end":{"line":779,"column":37}},"464":{"start":{"line":780,"column":6},"end":{"line":780,"column":43}},"465":{"start":{"line":781,"column":6},"end":{"line":781,"column":67}},"466":{"start":{"line":782,"column":6},"end":{"line":782,"column":13}},"467":{"start":{"line":785,"column":2},"end":{"line":794,"column":5}},"468":{"start":{"line":786,"column":4},"end":{"line":793,"column":7}},"469":{"start":{"line":787,"column":6},"end":{"line":787,"column":39}},"470":{"start":{"line":788,"column":6},"end":{"line":788,"column":37}},"471":{"start":{"line":789,"column":6},"end":{"line":789,"column":42}},"472":{"start":{"line":790,"column":6},"end":{"line":790,"column":79}},"473":{"start":{"line":791,"column":6},"end":{"line":791,"column":49}},"474":{"start":{"line":792,"column":6},"end":{"line":792,"column":13}},"475":{"start":{"line":795,"column":2},"end":{"line":806,"column":5}},"476":{"start":{"line":796,"column":4},"end":{"line":796,"column":42}},"477":{"start":{"line":798,"column":4},"end":{"line":805,"column":7}},"478":{"start":{"line":799,"column":6},"end":{"line":799,"column":39}},"479":{"start":{"line":800,"column":6},"end":{"line":800,"column":37}},"480":{"start":{"line":801,"column":6},"end":{"line":801,"column":42}},"481":{"start":{"line":802,"column":6},"end":{"line":802,"column":79}},"482":{"start":{"line":803,"column":6},"end":{"line":803,"column":49}},"483":{"start":{"line":804,"column":6},"end":{"line":804,"column":13}},"484":{"start":{"line":807,"column":2},"end":{"line":818,"column":5}},"485":{"start":{"line":808,"column":4},"end":{"line":808,"column":39}},"486":{"start":{"line":810,"column":4},"end":{"line":817,"column":7}},"487":{"start":{"line":811,"column":6},"end":{"line":811,"column":39}},"488":{"start":{"line":812,"column":6},"end":{"line":812,"column":37}},"489":{"start":{"line":813,"column":6},"end":{"line":813,"column":45}},"490":{"start":{"line":814,"column":6},"end":{"line":814,"column":43}},"491":{"start":{"line":815,"column":6},"end":{"line":815,"column":59}},"492":{"start":{"line":816,"column":6},"end":{"line":816,"column":13}},"493":{"start":{"line":820,"column":0},"end":{"line":968,"column":3}},"494":{"start":{"line":821,"column":2},"end":{"line":830,"column":5}},"495":{"start":{"line":822,"column":4},"end":{"line":829,"column":7}},"496":{"start":{"line":823,"column":6},"end":{"line":823,"column":39}},"497":{"start":{"line":824,"column":6},"end":{"line":824,"column":37}},"498":{"start":{"line":825,"column":6},"end":{"line":825,"column":45}},"499":{"start":{"line":826,"column":6},"end":{"line":826,"column":43}},"500":{"start":{"line":827,"column":6},"end":{"line":827,"column":47}},"501":{"start":{"line":828,"column":6},"end":{"line":828,"column":13}},"502":{"start":{"line":831,"column":2},"end":{"line":840,"column":5}},"503":{"start":{"line":832,"column":4},"end":{"line":839,"column":7}},"504":{"start":{"line":833,"column":6},"end":{"line":833,"column":39}},"505":{"start":{"line":834,"column":6},"end":{"line":834,"column":37}},"506":{"start":{"line":835,"column":6},"end":{"line":835,"column":45}},"507":{"start":{"line":836,"column":6},"end":{"line":836,"column":43}},"508":{"start":{"line":837,"column":6},"end":{"line":837,"column":78}},"509":{"start":{"line":838,"column":6},"end":{"line":838,"column":13}},"510":{"start":{"line":841,"column":2},"end":{"line":849,"column":5}},"511":{"start":{"line":842,"column":4},"end":{"line":848,"column":7}},"512":{"start":{"line":843,"column":6},"end":{"line":843,"column":39}},"513":{"start":{"line":844,"column":6},"end":{"line":844,"column":37}},"514":{"start":{"line":845,"column":6},"end":{"line":845,"column":43}},"515":{"start":{"line":846,"column":6},"end":{"line":846,"column":55}},"516":{"start":{"line":847,"column":6},"end":{"line":847,"column":13}},"517":{"start":{"line":850,"column":2},"end":{"line":858,"column":5}},"518":{"start":{"line":851,"column":4},"end":{"line":857,"column":7}},"519":{"start":{"line":852,"column":6},"end":{"line":852,"column":39}},"520":{"start":{"line":853,"column":6},"end":{"line":853,"column":37}},"521":{"start":{"line":854,"column":6},"end":{"line":854,"column":43}},"522":{"start":{"line":855,"column":6},"end":{"line":855,"column":51}},"523":{"start":{"line":856,"column":6},"end":{"line":856,"column":13}},"524":{"start":{"line":859,"column":2},"end":{"line":866,"column":5}},"525":{"start":{"line":860,"column":4},"end":{"line":865,"column":7}},"526":{"start":{"line":861,"column":6},"end":{"line":861,"column":39}},"527":{"start":{"line":862,"column":6},"end":{"line":862,"column":37}},"528":{"start":{"line":863,"column":6},"end":{"line":863,"column":41}},"529":{"start":{"line":864,"column":6},"end":{"line":864,"column":13}},"530":{"start":{"line":867,"column":2},"end":{"line":875,"column":5}},"531":{"start":{"line":868,"column":4},"end":{"line":874,"column":7}},"532":{"start":{"line":869,"column":6},"end":{"line":869,"column":39}},"533":{"start":{"line":870,"column":6},"end":{"line":870,"column":37}},"534":{"start":{"line":871,"column":6},"end":{"line":871,"column":42}},"535":{"start":{"line":872,"column":6},"end":{"line":872,"column":86}},"536":{"start":{"line":873,"column":6},"end":{"line":873,"column":13}},"537":{"start":{"line":876,"column":2},"end":{"line":967,"column":5}},"538":{"start":{"line":877,"column":4},"end":{"line":884,"column":7}},"539":{"start":{"line":878,"column":6},"end":{"line":883,"column":9}},"540":{"start":{"line":879,"column":8},"end":{"line":879,"column":41}},"541":{"start":{"line":880,"column":8},"end":{"line":880,"column":39}},"542":{"start":{"line":881,"column":8},"end":{"line":881,"column":94}},"543":{"start":{"line":882,"column":8},"end":{"line":882,"column":15}},"544":{"start":{"line":885,"column":4},"end":{"line":892,"column":7}},"545":{"start":{"line":886,"column":6},"end":{"line":891,"column":9}},"546":{"start":{"line":887,"column":8},"end":{"line":887,"column":41}},"547":{"start":{"line":888,"column":8},"end":{"line":888,"column":39}},"548":{"start":{"line":889,"column":8},"end":{"line":889,"column":43}},"549":{"start":{"line":890,"column":8},"end":{"line":890,"column":15}},"550":{"start":{"line":893,"column":4},"end":{"line":900,"column":7}},"551":{"start":{"line":894,"column":6},"end":{"line":899,"column":9}},"552":{"start":{"line":895,"column":8},"end":{"line":895,"column":41}},"553":{"start":{"line":896,"column":8},"end":{"line":896,"column":39}},"554":{"start":{"line":897,"column":8},"end":{"line":897,"column":72}},"555":{"start":{"line":898,"column":8},"end":{"line":898,"column":15}},"556":{"start":{"line":901,"column":4},"end":{"line":908,"column":7}},"557":{"start":{"line":902,"column":6},"end":{"line":907,"column":9}},"558":{"start":{"line":903,"column":8},"end":{"line":903,"column":41}},"559":{"start":{"line":904,"column":8},"end":{"line":904,"column":39}},"560":{"start":{"line":905,"column":8},"end":{"line":905,"column":94}},"561":{"start":{"line":906,"column":8},"end":{"line":906,"column":15}},"562":{"start":{"line":909,"column":4},"end":{"line":916,"column":7}},"563":{"start":{"line":910,"column":6},"end":{"line":915,"column":9}},"564":{"start":{"line":911,"column":8},"end":{"line":911,"column":41}},"565":{"start":{"line":912,"column":8},"end":{"line":912,"column":39}},"566":{"start":{"line":913,"column":8},"end":{"line":913,"column":68}},"567":{"start":{"line":914,"column":8},"end":{"line":914,"column":15}},"568":{"start":{"line":917,"column":4},"end":{"line":924,"column":7}},"569":{"start":{"line":918,"column":6},"end":{"line":923,"column":9}},"570":{"start":{"line":919,"column":8},"end":{"line":919,"column":41}},"571":{"start":{"line":920,"column":8},"end":{"line":920,"column":39}},"572":{"start":{"line":921,"column":8},"end":{"line":921,"column":43}},"573":{"start":{"line":922,"column":8},"end":{"line":922,"column":15}},"574":{"start":{"line":925,"column":4},"end":{"line":932,"column":7}},"575":{"start":{"line":926,"column":6},"end":{"line":931,"column":9}},"576":{"start":{"line":927,"column":8},"end":{"line":927,"column":41}},"577":{"start":{"line":928,"column":8},"end":{"line":928,"column":39}},"578":{"start":{"line":929,"column":8},"end":{"line":929,"column":43}},"579":{"start":{"line":930,"column":8},"end":{"line":930,"column":15}},"580":{"start":{"line":933,"column":4},"end":{"line":940,"column":7}},"581":{"start":{"line":934,"column":6},"end":{"line":939,"column":9}},"582":{"start":{"line":935,"column":8},"end":{"line":935,"column":41}},"583":{"start":{"line":936,"column":8},"end":{"line":936,"column":39}},"584":{"start":{"line":937,"column":8},"end":{"line":937,"column":43}},"585":{"start":{"line":938,"column":8},"end":{"line":938,"column":15}},"586":{"start":{"line":941,"column":4},"end":{"line":948,"column":7}},"587":{"start":{"line":942,"column":6},"end":{"line":947,"column":9}},"588":{"start":{"line":943,"column":8},"end":{"line":943,"column":41}},"589":{"start":{"line":944,"column":8},"end":{"line":944,"column":39}},"590":{"start":{"line":945,"column":8},"end":{"line":945,"column":97}},"591":{"start":{"line":946,"column":8},"end":{"line":946,"column":15}},"592":{"start":{"line":949,"column":4},"end":{"line":956,"column":7}},"593":{"start":{"line":950,"column":6},"end":{"line":955,"column":9}},"594":{"start":{"line":951,"column":8},"end":{"line":951,"column":41}},"595":{"start":{"line":952,"column":8},"end":{"line":952,"column":39}},"596":{"start":{"line":953,"column":8},"end":{"line":953,"column":106}},"597":{"start":{"line":954,"column":8},"end":{"line":954,"column":15}},"598":{"start":{"line":957,"column":4},"end":{"line":966,"column":7}},"599":{"start":{"line":958,"column":6},"end":{"line":958,"column":60}},"600":{"start":{"line":960,"column":6},"end":{"line":965,"column":9}},"601":{"start":{"line":961,"column":8},"end":{"line":961,"column":41}},"602":{"start":{"line":962,"column":8},"end":{"line":962,"column":39}},"603":{"start":{"line":963,"column":8},"end":{"line":963,"column":43}},"604":{"start":{"line":964,"column":8},"end":{"line":964,"column":15}}},"fnMap":{"0":{"name":"_interopRequireDefault","decl":{"start":{"line":13,"column":9},"end":{"line":13,"column":31}},"loc":{"start":{"line":13,"column":37},"end":{"line":13,"column":97}},"line":13},"1":{"name":"(anonymous_1)","decl":{"start":{"line":30,"column":33},"end":{"line":30,"column":34}},"loc":{"start":{"line":30,"column":45},"end":{"line":40,"column":1}},"line":30},"2":{"name":"(anonymous_2)","decl":{"start":{"line":31,"column":84},"end":{"line":31,"column":85}},"loc":{"start":{"line":31,"column":100},"end":{"line":39,"column":3}},"line":31},"3":{"name":"(anonymous_3)","decl":{"start":{"line":32,"column":63},"end":{"line":32,"column":64}},"loc":{"start":{"line":32,"column":83},"end":{"line":38,"column":5}},"line":32},"4":{"name":"(anonymous_4)","decl":{"start":{"line":41,"column":36},"end":{"line":41,"column":37}},"loc":{"start":{"line":41,"column":48},"end":{"line":380,"column":1}},"line":41},"5":{"name":"(anonymous_5)","decl":{"start":{"line":42,"column":56},"end":{"line":42,"column":57}},"loc":{"start":{"line":42,"column":72},"end":{"line":55,"column":3}},"line":42},"6":{"name":"(anonymous_6)","decl":{"start":{"line":47,"column":93},"end":{"line":47,"column":94}},"loc":{"start":{"line":47,"column":113},"end":{"line":54,"column":5}},"line":47},"7":{"name":"(anonymous_7)","decl":{"start":{"line":56,"column":58},"end":{"line":56,"column":59}},"loc":{"start":{"line":56,"column":74},"end":{"line":69,"column":3}},"line":56},"8":{"name":"(anonymous_8)","decl":{"start":{"line":61,"column":93},"end":{"line":61,"column":94}},"loc":{"start":{"line":61,"column":113},"end":{"line":68,"column":5}},"line":61},"9":{"name":"(anonymous_9)","decl":{"start":{"line":70,"column":60},"end":{"line":70,"column":61}},"loc":{"start":{"line":70,"column":76},"end":{"line":84,"column":3}},"line":70},"10":{"name":"(anonymous_10)","decl":{"start":{"line":76,"column":93},"end":{"line":76,"column":94}},"loc":{"start":{"line":76,"column":113},"end":{"line":83,"column":5}},"line":76},"11":{"name":"(anonymous_11)","decl":{"start":{"line":85,"column":62},"end":{"line":85,"column":63}},"loc":{"start":{"line":85,"column":78},"end":{"line":99,"column":3}},"line":85},"12":{"name":"(anonymous_12)","decl":{"start":{"line":91,"column":93},"end":{"line":91,"column":94}},"loc":{"start":{"line":91,"column":113},"end":{"line":98,"column":5}},"line":91},"13":{"name":"(anonymous_13)","decl":{"start":{"line":100,"column":68},"end":{"line":100,"column":69}},"loc":{"start":{"line":100,"column":84},"end":{"line":114,"column":3}},"line":100},"14":{"name":"(anonymous_14)","decl":{"start":{"line":106,"column":93},"end":{"line":106,"column":94}},"loc":{"start":{"line":106,"column":113},"end":{"line":113,"column":5}},"line":106},"15":{"name":"(anonymous_15)","decl":{"start":{"line":115,"column":67},"end":{"line":115,"column":68}},"loc":{"start":{"line":115,"column":83},"end":{"line":129,"column":3}},"line":115},"16":{"name":"(anonymous_16)","decl":{"start":{"line":121,"column":93},"end":{"line":121,"column":94}},"loc":{"start":{"line":121,"column":113},"end":{"line":128,"column":5}},"line":121},"17":{"name":"(anonymous_17)","decl":{"start":{"line":130,"column":80},"end":{"line":130,"column":81}},"loc":{"start":{"line":130,"column":96},"end":{"line":144,"column":3}},"line":130},"18":{"name":"(anonymous_18)","decl":{"start":{"line":136,"column":93},"end":{"line":136,"column":94}},"loc":{"start":{"line":136,"column":113},"end":{"line":143,"column":5}},"line":136},"19":{"name":"(anonymous_19)","decl":{"start":{"line":145,"column":59},"end":{"line":145,"column":60}},"loc":{"start":{"line":145,"column":75},"end":{"line":160,"column":3}},"line":145},"20":{"name":"(anonymous_20)","decl":{"start":{"line":152,"column":93},"end":{"line":152,"column":94}},"loc":{"start":{"line":152,"column":113},"end":{"line":159,"column":5}},"line":152},"21":{"name":"(anonymous_21)","decl":{"start":{"line":161,"column":61},"end":{"line":161,"column":62}},"loc":{"start":{"line":161,"column":77},"end":{"line":176,"column":3}},"line":161},"22":{"name":"(anonymous_22)","decl":{"start":{"line":168,"column":93},"end":{"line":168,"column":94}},"loc":{"start":{"line":168,"column":113},"end":{"line":175,"column":5}},"line":168},"23":{"name":"(anonymous_23)","decl":{"start":{"line":177,"column":67},"end":{"line":177,"column":68}},"loc":{"start":{"line":177,"column":83},"end":{"line":192,"column":3}},"line":177},"24":{"name":"(anonymous_24)","decl":{"start":{"line":184,"column":93},"end":{"line":184,"column":94}},"loc":{"start":{"line":184,"column":113},"end":{"line":191,"column":5}},"line":184},"25":{"name":"(anonymous_25)","decl":{"start":{"line":193,"column":66},"end":{"line":193,"column":67}},"loc":{"start":{"line":193,"column":82},"end":{"line":208,"column":3}},"line":193},"26":{"name":"(anonymous_26)","decl":{"start":{"line":200,"column":93},"end":{"line":200,"column":94}},"loc":{"start":{"line":200,"column":113},"end":{"line":207,"column":5}},"line":200},"27":{"name":"(anonymous_27)","decl":{"start":{"line":209,"column":79},"end":{"line":209,"column":80}},"loc":{"start":{"line":209,"column":95},"end":{"line":224,"column":3}},"line":209},"28":{"name":"(anonymous_28)","decl":{"start":{"line":216,"column":93},"end":{"line":216,"column":94}},"loc":{"start":{"line":216,"column":113},"end":{"line":223,"column":5}},"line":216},"29":{"name":"(anonymous_29)","decl":{"start":{"line":225,"column":59},"end":{"line":225,"column":60}},"loc":{"start":{"line":225,"column":75},"end":{"line":241,"column":3}},"line":225},"30":{"name":"(anonymous_30)","decl":{"start":{"line":233,"column":93},"end":{"line":233,"column":94}},"loc":{"start":{"line":233,"column":113},"end":{"line":240,"column":5}},"line":233},"31":{"name":"(anonymous_31)","decl":{"start":{"line":242,"column":59},"end":{"line":242,"column":60}},"loc":{"start":{"line":242,"column":75},"end":{"line":259,"column":3}},"line":242},"32":{"name":"(anonymous_32)","decl":{"start":{"line":251,"column":93},"end":{"line":251,"column":94}},"loc":{"start":{"line":251,"column":113},"end":{"line":258,"column":5}},"line":251},"33":{"name":"(anonymous_33)","decl":{"start":{"line":260,"column":58},"end":{"line":260,"column":59}},"loc":{"start":{"line":260,"column":74},"end":{"line":278,"column":3}},"line":260},"34":{"name":"(anonymous_34)","decl":{"start":{"line":270,"column":93},"end":{"line":270,"column":94}},"loc":{"start":{"line":270,"column":113},"end":{"line":277,"column":5}},"line":270},"35":{"name":"(anonymous_35)","decl":{"start":{"line":279,"column":60},"end":{"line":279,"column":61}},"loc":{"start":{"line":279,"column":76},"end":{"line":297,"column":3}},"line":279},"36":{"name":"(anonymous_36)","decl":{"start":{"line":289,"column":93},"end":{"line":289,"column":94}},"loc":{"start":{"line":289,"column":113},"end":{"line":296,"column":5}},"line":289},"37":{"name":"(anonymous_37)","decl":{"start":{"line":298,"column":66},"end":{"line":298,"column":67}},"loc":{"start":{"line":298,"column":82},"end":{"line":316,"column":3}},"line":298},"38":{"name":"(anonymous_38)","decl":{"start":{"line":308,"column":93},"end":{"line":308,"column":94}},"loc":{"start":{"line":308,"column":113},"end":{"line":315,"column":5}},"line":308},"39":{"name":"(anonymous_39)","decl":{"start":{"line":317,"column":81},"end":{"line":317,"column":82}},"loc":{"start":{"line":317,"column":97},"end":{"line":335,"column":3}},"line":317},"40":{"name":"(anonymous_40)","decl":{"start":{"line":327,"column":93},"end":{"line":327,"column":94}},"loc":{"start":{"line":327,"column":113},"end":{"line":334,"column":5}},"line":327},"41":{"name":"(anonymous_41)","decl":{"start":{"line":336,"column":78},"end":{"line":336,"column":79}},"loc":{"start":{"line":336,"column":94},"end":{"line":360,"column":3}},"line":336},"42":{"name":"(anonymous_42)","decl":{"start":{"line":346,"column":93},"end":{"line":346,"column":94}},"loc":{"start":{"line":346,"column":113},"end":{"line":359,"column":5}},"line":346},"43":{"name":"(anonymous_43)","decl":{"start":{"line":361,"column":70},"end":{"line":361,"column":71}},"loc":{"start":{"line":361,"column":86},"end":{"line":379,"column":3}},"line":361},"44":{"name":"(anonymous_44)","decl":{"start":{"line":371,"column":93},"end":{"line":371,"column":94}},"loc":{"start":{"line":371,"column":113},"end":{"line":378,"column":5}},"line":371},"45":{"name":"(anonymous_45)","decl":{"start":{"line":381,"column":35},"end":{"line":381,"column":36}},"loc":{"start":{"line":381,"column":47},"end":{"line":461,"column":1}},"line":381},"46":{"name":"(anonymous_46)","decl":{"start":{"line":382,"column":56},"end":{"line":382,"column":57}},"loc":{"start":{"line":382,"column":72},"end":{"line":395,"column":3}},"line":382},"47":{"name":"(anonymous_47)","decl":{"start":{"line":387,"column":92},"end":{"line":387,"column":93}},"loc":{"start":{"line":387,"column":112},"end":{"line":394,"column":5}},"line":387},"48":{"name":"(anonymous_48)","decl":{"start":{"line":396,"column":58},"end":{"line":396,"column":59}},"loc":{"start":{"line":396,"column":74},"end":{"line":409,"column":3}},"line":396},"49":{"name":"(anonymous_49)","decl":{"start":{"line":401,"column":92},"end":{"line":401,"column":93}},"loc":{"start":{"line":401,"column":112},"end":{"line":408,"column":5}},"line":401},"50":{"name":"(anonymous_50)","decl":{"start":{"line":410,"column":59},"end":{"line":410,"column":60}},"loc":{"start":{"line":410,"column":75},"end":{"line":424,"column":3}},"line":410},"51":{"name":"(anonymous_51)","decl":{"start":{"line":416,"column":92},"end":{"line":416,"column":93}},"loc":{"start":{"line":416,"column":112},"end":{"line":423,"column":5}},"line":416},"52":{"name":"(anonymous_52)","decl":{"start":{"line":425,"column":53},"end":{"line":425,"column":54}},"loc":{"start":{"line":425,"column":69},"end":{"line":439,"column":3}},"line":425},"53":{"name":"(anonymous_53)","decl":{"start":{"line":431,"column":92},"end":{"line":431,"column":93}},"loc":{"start":{"line":431,"column":112},"end":{"line":438,"column":5}},"line":431},"54":{"name":"(anonymous_54)","decl":{"start":{"line":440,"column":77},"end":{"line":440,"column":78}},"loc":{"start":{"line":440,"column":93},"end":{"line":460,"column":3}},"line":440},"55":{"name":"(anonymous_55)","decl":{"start":{"line":446,"column":92},"end":{"line":446,"column":93}},"loc":{"start":{"line":446,"column":112},"end":{"line":459,"column":5}},"line":446},"56":{"name":"(anonymous_56)","decl":{"start":{"line":462,"column":84},"end":{"line":462,"column":85}},"loc":{"start":{"line":462,"column":96},"end":{"line":488,"column":1}},"line":462},"57":{"name":"(anonymous_57)","decl":{"start":{"line":463,"column":107},"end":{"line":463,"column":108}},"loc":{"start":{"line":463,"column":123},"end":{"line":487,"column":3}},"line":463},"58":{"name":"(anonymous_58)","decl":{"start":{"line":469,"column":98},"end":{"line":469,"column":99}},"loc":{"start":{"line":469,"column":125},"end":{"line":486,"column":5}},"line":469},"59":{"name":"(anonymous_59)","decl":{"start":{"line":478,"column":133},"end":{"line":478,"column":134}},"loc":{"start":{"line":478,"column":153},"end":{"line":485,"column":7}},"line":478},"60":{"name":"(anonymous_60)","decl":{"start":{"line":489,"column":35},"end":{"line":489,"column":36}},"loc":{"start":{"line":489,"column":47},"end":{"line":562,"column":1}},"line":489},"61":{"name":"(anonymous_61)","decl":{"start":{"line":490,"column":21},"end":{"line":490,"column":22}},"loc":{"start":{"line":490,"column":37},"end":{"line":495,"column":3}},"line":490},"62":{"name":"(anonymous_62)","decl":{"start":{"line":491,"column":104},"end":{"line":491,"column":105}},"loc":{"start":{"line":491,"column":131},"end":{"line":494,"column":5}},"line":491},"63":{"name":"(anonymous_63)","decl":{"start":{"line":496,"column":131},"end":{"line":496,"column":132}},"loc":{"start":{"line":496,"column":147},"end":{"line":506,"column":3}},"line":496},"64":{"name":"(anonymous_64)","decl":{"start":{"line":499,"column":11},"end":{"line":499,"column":12}},"loc":{"start":{"line":499,"column":38},"end":{"line":503,"column":5}},"line":499},"65":{"name":"(anonymous_65)","decl":{"start":{"line":507,"column":83},"end":{"line":507,"column":84}},"loc":{"start":{"line":507,"column":99},"end":{"line":517,"column":3}},"line":507},"66":{"name":"(anonymous_66)","decl":{"start":{"line":510,"column":11},"end":{"line":510,"column":12}},"loc":{"start":{"line":510,"column":38},"end":{"line":514,"column":5}},"line":510},"67":{"name":"(anonymous_67)","decl":{"start":{"line":518,"column":86},"end":{"line":518,"column":87}},"loc":{"start":{"line":518,"column":102},"end":{"line":528,"column":3}},"line":518},"68":{"name":"(anonymous_68)","decl":{"start":{"line":521,"column":11},"end":{"line":521,"column":12}},"loc":{"start":{"line":521,"column":38},"end":{"line":525,"column":5}},"line":521},"69":{"name":"(anonymous_69)","decl":{"start":{"line":529,"column":98},"end":{"line":529,"column":99}},"loc":{"start":{"line":529,"column":114},"end":{"line":539,"column":3}},"line":529},"70":{"name":"(anonymous_70)","decl":{"start":{"line":532,"column":11},"end":{"line":532,"column":12}},"loc":{"start":{"line":532,"column":38},"end":{"line":536,"column":5}},"line":532},"71":{"name":"(anonymous_71)","decl":{"start":{"line":540,"column":97},"end":{"line":540,"column":98}},"loc":{"start":{"line":540,"column":113},"end":{"line":550,"column":3}},"line":540},"72":{"name":"(anonymous_72)","decl":{"start":{"line":543,"column":11},"end":{"line":543,"column":12}},"loc":{"start":{"line":543,"column":38},"end":{"line":547,"column":5}},"line":543},"73":{"name":"(anonymous_73)","decl":{"start":{"line":551,"column":92},"end":{"line":551,"column":93}},"loc":{"start":{"line":551,"column":108},"end":{"line":561,"column":3}},"line":551},"74":{"name":"(anonymous_74)","decl":{"start":{"line":554,"column":11},"end":{"line":554,"column":12}},"loc":{"start":{"line":554,"column":38},"end":{"line":558,"column":5}},"line":554},"75":{"name":"(anonymous_75)","decl":{"start":{"line":563,"column":34},"end":{"line":563,"column":35}},"loc":{"start":{"line":563,"column":46},"end":{"line":675,"column":1}},"line":563},"76":{"name":"(anonymous_76)","decl":{"start":{"line":570,"column":57},"end":{"line":570,"column":58}},"loc":{"start":{"line":570,"column":73},"end":{"line":579,"column":3}},"line":570},"77":{"name":"(anonymous_77)","decl":{"start":{"line":571,"column":86},"end":{"line":571,"column":87}},"loc":{"start":{"line":571,"column":106},"end":{"line":578,"column":5}},"line":571},"78":{"name":"(anonymous_78)","decl":{"start":{"line":580,"column":57},"end":{"line":580,"column":58}},"loc":{"start":{"line":580,"column":73},"end":{"line":589,"column":3}},"line":580},"79":{"name":"(anonymous_79)","decl":{"start":{"line":581,"column":139},"end":{"line":581,"column":140}},"loc":{"start":{"line":581,"column":159},"end":{"line":588,"column":5}},"line":581},"80":{"name":"(anonymous_80)","decl":{"start":{"line":590,"column":58},"end":{"line":590,"column":59}},"loc":{"start":{"line":590,"column":70},"end":{"line":674,"column":3}},"line":590},"81":{"name":"(anonymous_81)","decl":{"start":{"line":591,"column":23},"end":{"line":591,"column":24}},"loc":{"start":{"line":591,"column":39},"end":{"line":596,"column":5}},"line":591},"82":{"name":"(anonymous_82)","decl":{"start":{"line":592,"column":105},"end":{"line":592,"column":106}},"loc":{"start":{"line":592,"column":132},"end":{"line":595,"column":7}},"line":592},"83":{"name":"(anonymous_83)","decl":{"start":{"line":597,"column":77},"end":{"line":597,"column":78}},"loc":{"start":{"line":597,"column":93},"end":{"line":605,"column":5}},"line":597},"84":{"name":"(anonymous_84)","decl":{"start":{"line":598,"column":138},"end":{"line":598,"column":139}},"loc":{"start":{"line":598,"column":158},"end":{"line":604,"column":7}},"line":598},"85":{"name":"(anonymous_85)","decl":{"start":{"line":606,"column":132},"end":{"line":606,"column":133}},"loc":{"start":{"line":606,"column":148},"end":{"line":616,"column":5}},"line":606},"86":{"name":"(anonymous_86)","decl":{"start":{"line":609,"column":138},"end":{"line":609,"column":139}},"loc":{"start":{"line":609,"column":158},"end":{"line":615,"column":7}},"line":609},"87":{"name":"(anonymous_87)","decl":{"start":{"line":617,"column":141},"end":{"line":617,"column":142}},"loc":{"start":{"line":617,"column":157},"end":{"line":627,"column":5}},"line":617},"88":{"name":"(anonymous_88)","decl":{"start":{"line":620,"column":138},"end":{"line":620,"column":139}},"loc":{"start":{"line":620,"column":158},"end":{"line":626,"column":7}},"line":620},"89":{"name":"(anonymous_89)","decl":{"start":{"line":628,"column":157},"end":{"line":628,"column":158}},"loc":{"start":{"line":628,"column":173},"end":{"line":638,"column":5}},"line":628},"90":{"name":"(anonymous_90)","decl":{"start":{"line":631,"column":138},"end":{"line":631,"column":139}},"loc":{"start":{"line":631,"column":158},"end":{"line":637,"column":7}},"line":631},"91":{"name":"(anonymous_91)","decl":{"start":{"line":639,"column":135},"end":{"line":639,"column":136}},"loc":{"start":{"line":639,"column":151},"end":{"line":650,"column":5}},"line":639},"92":{"name":"(anonymous_92)","decl":{"start":{"line":643,"column":138},"end":{"line":643,"column":139}},"loc":{"start":{"line":643,"column":158},"end":{"line":649,"column":7}},"line":643},"93":{"name":"(anonymous_93)","decl":{"start":{"line":651,"column":134},"end":{"line":651,"column":135}},"loc":{"start":{"line":651,"column":150},"end":{"line":662,"column":5}},"line":651},"94":{"name":"(anonymous_94)","decl":{"start":{"line":655,"column":138},"end":{"line":655,"column":139}},"loc":{"start":{"line":655,"column":158},"end":{"line":661,"column":7}},"line":655},"95":{"name":"(anonymous_95)","decl":{"start":{"line":663,"column":136},"end":{"line":663,"column":137}},"loc":{"start":{"line":663,"column":152},"end":{"line":673,"column":5}},"line":663},"96":{"name":"(anonymous_96)","decl":{"start":{"line":666,"column":138},"end":{"line":666,"column":139}},"loc":{"start":{"line":666,"column":158},"end":{"line":672,"column":7}},"line":666},"97":{"name":"(anonymous_97)","decl":{"start":{"line":676,"column":49},"end":{"line":676,"column":50}},"loc":{"start":{"line":676,"column":61},"end":{"line":733,"column":1}},"line":676},"98":{"name":"(anonymous_98)","decl":{"start":{"line":677,"column":21},"end":{"line":677,"column":22}},"loc":{"start":{"line":677,"column":37},"end":{"line":687,"column":3}},"line":677},"99":{"name":"(anonymous_99)","decl":{"start":{"line":678,"column":104},"end":{"line":678,"column":105}},"loc":{"start":{"line":678,"column":131},"end":{"line":686,"column":5}},"line":678},"100":{"name":"(anonymous_100)","decl":{"start":{"line":688,"column":59},"end":{"line":688,"column":60}},"loc":{"start":{"line":688,"column":75},"end":{"line":699,"column":3}},"line":688},"101":{"name":"(anonymous_101)","decl":{"start":{"line":691,"column":11},"end":{"line":691,"column":12}},"loc":{"start":{"line":691,"column":38},"end":{"line":696,"column":5}},"line":691},"102":{"name":"(anonymous_102)","decl":{"start":{"line":700,"column":124},"end":{"line":700,"column":125}},"loc":{"start":{"line":700,"column":140},"end":{"line":710,"column":3}},"line":700},"103":{"name":"(anonymous_103)","decl":{"start":{"line":703,"column":11},"end":{"line":703,"column":12}},"loc":{"start":{"line":703,"column":38},"end":{"line":707,"column":5}},"line":703},"104":{"name":"(anonymous_104)","decl":{"start":{"line":711,"column":123},"end":{"line":711,"column":124}},"loc":{"start":{"line":711,"column":139},"end":{"line":721,"column":3}},"line":711},"105":{"name":"(anonymous_105)","decl":{"start":{"line":714,"column":11},"end":{"line":714,"column":12}},"loc":{"start":{"line":714,"column":38},"end":{"line":718,"column":5}},"line":714},"106":{"name":"(anonymous_106)","decl":{"start":{"line":722,"column":98},"end":{"line":722,"column":99}},"loc":{"start":{"line":722,"column":114},"end":{"line":732,"column":3}},"line":722},"107":{"name":"(anonymous_107)","decl":{"start":{"line":725,"column":11},"end":{"line":725,"column":12}},"loc":{"start":{"line":725,"column":38},"end":{"line":729,"column":5}},"line":725},"108":{"name":"(anonymous_108)","decl":{"start":{"line":734,"column":57},"end":{"line":734,"column":58}},"loc":{"start":{"line":734,"column":69},"end":{"line":819,"column":1}},"line":734},"109":{"name":"(anonymous_109)","decl":{"start":{"line":738,"column":54},"end":{"line":738,"column":55}},"loc":{"start":{"line":738,"column":70},"end":{"line":747,"column":3}},"line":738},"110":{"name":"(anonymous_110)","decl":{"start":{"line":739,"column":108},"end":{"line":739,"column":109}},"loc":{"start":{"line":739,"column":128},"end":{"line":746,"column":5}},"line":739},"111":{"name":"(anonymous_111)","decl":{"start":{"line":748,"column":58},"end":{"line":748,"column":59}},"loc":{"start":{"line":748,"column":74},"end":{"line":757,"column":3}},"line":748},"112":{"name":"(anonymous_112)","decl":{"start":{"line":749,"column":161},"end":{"line":749,"column":162}},"loc":{"start":{"line":749,"column":181},"end":{"line":756,"column":5}},"line":749},"113":{"name":"(anonymous_113)","decl":{"start":{"line":758,"column":109},"end":{"line":758,"column":110}},"loc":{"start":{"line":758,"column":125},"end":{"line":766,"column":3}},"line":758},"114":{"name":"(anonymous_114)","decl":{"start":{"line":759,"column":158},"end":{"line":759,"column":159}},"loc":{"start":{"line":759,"column":185},"end":{"line":763,"column":5}},"line":759},"115":{"name":"(anonymous_115)","decl":{"start":{"line":767,"column":78},"end":{"line":767,"column":79}},"loc":{"start":{"line":767,"column":94},"end":{"line":775,"column":3}},"line":767},"116":{"name":"(anonymous_116)","decl":{"start":{"line":768,"column":160},"end":{"line":768,"column":161}},"loc":{"start":{"line":768,"column":180},"end":{"line":774,"column":5}},"line":768},"117":{"name":"(anonymous_117)","decl":{"start":{"line":776,"column":56},"end":{"line":776,"column":57}},"loc":{"start":{"line":776,"column":72},"end":{"line":784,"column":3}},"line":776},"118":{"name":"(anonymous_118)","decl":{"start":{"line":777,"column":160},"end":{"line":777,"column":161}},"loc":{"start":{"line":777,"column":180},"end":{"line":783,"column":5}},"line":777},"119":{"name":"(anonymous_119)","decl":{"start":{"line":785,"column":99},"end":{"line":785,"column":100}},"loc":{"start":{"line":785,"column":115},"end":{"line":794,"column":3}},"line":785},"120":{"name":"(anonymous_120)","decl":{"start":{"line":786,"column":160},"end":{"line":786,"column":161}},"loc":{"start":{"line":786,"column":180},"end":{"line":793,"column":5}},"line":786},"121":{"name":"(anonymous_121)","decl":{"start":{"line":795,"column":115},"end":{"line":795,"column":116}},"loc":{"start":{"line":795,"column":131},"end":{"line":806,"column":3}},"line":795},"122":{"name":"(anonymous_122)","decl":{"start":{"line":798,"column":160},"end":{"line":798,"column":161}},"loc":{"start":{"line":798,"column":180},"end":{"line":805,"column":5}},"line":798},"123":{"name":"(anonymous_123)","decl":{"start":{"line":807,"column":108},"end":{"line":807,"column":109}},"loc":{"start":{"line":807,"column":124},"end":{"line":818,"column":3}},"line":807},"124":{"name":"(anonymous_124)","decl":{"start":{"line":810,"column":160},"end":{"line":810,"column":161}},"loc":{"start":{"line":810,"column":180},"end":{"line":817,"column":5}},"line":810},"125":{"name":"(anonymous_125)","decl":{"start":{"line":820,"column":57},"end":{"line":820,"column":58}},"loc":{"start":{"line":820,"column":69},"end":{"line":968,"column":1}},"line":820},"126":{"name":"(anonymous_126)","decl":{"start":{"line":821,"column":54},"end":{"line":821,"column":55}},"loc":{"start":{"line":821,"column":70},"end":{"line":830,"column":3}},"line":821},"127":{"name":"(anonymous_127)","decl":{"start":{"line":822,"column":88},"end":{"line":822,"column":89}},"loc":{"start":{"line":822,"column":108},"end":{"line":829,"column":5}},"line":822},"128":{"name":"(anonymous_128)","decl":{"start":{"line":831,"column":57},"end":{"line":831,"column":58}},"loc":{"start":{"line":831,"column":73},"end":{"line":840,"column":3}},"line":831},"129":{"name":"(anonymous_129)","decl":{"start":{"line":832,"column":141},"end":{"line":832,"column":142}},"loc":{"start":{"line":832,"column":161},"end":{"line":839,"column":5}},"line":832},"130":{"name":"(anonymous_130)","decl":{"start":{"line":841,"column":78},"end":{"line":841,"column":79}},"loc":{"start":{"line":841,"column":94},"end":{"line":849,"column":3}},"line":841},"131":{"name":"(anonymous_131)","decl":{"start":{"line":842,"column":138},"end":{"line":842,"column":139}},"loc":{"start":{"line":842,"column":158},"end":{"line":848,"column":5}},"line":842},"132":{"name":"(anonymous_132)","decl":{"start":{"line":850,"column":77},"end":{"line":850,"column":78}},"loc":{"start":{"line":850,"column":93},"end":{"line":858,"column":3}},"line":850},"133":{"name":"(anonymous_133)","decl":{"start":{"line":851,"column":138},"end":{"line":851,"column":139}},"loc":{"start":{"line":851,"column":158},"end":{"line":857,"column":5}},"line":851},"134":{"name":"(anonymous_134)","decl":{"start":{"line":859,"column":129},"end":{"line":859,"column":130}},"loc":{"start":{"line":859,"column":145},"end":{"line":866,"column":3}},"line":859},"135":{"name":"(anonymous_135)","decl":{"start":{"line":860,"column":138},"end":{"line":860,"column":139}},"loc":{"start":{"line":860,"column":158},"end":{"line":865,"column":5}},"line":860},"136":{"name":"(anonymous_136)","decl":{"start":{"line":867,"column":122},"end":{"line":867,"column":123}},"loc":{"start":{"line":867,"column":138},"end":{"line":875,"column":3}},"line":867},"137":{"name":"(anonymous_137)","decl":{"start":{"line":868,"column":138},"end":{"line":868,"column":139}},"loc":{"start":{"line":868,"column":158},"end":{"line":874,"column":5}},"line":868},"138":{"name":"(anonymous_138)","decl":{"start":{"line":876,"column":69},"end":{"line":876,"column":70}},"loc":{"start":{"line":876,"column":81},"end":{"line":967,"column":3}},"line":876},"139":{"name":"(anonymous_139)","decl":{"start":{"line":877,"column":87},"end":{"line":877,"column":88}},"loc":{"start":{"line":877,"column":103},"end":{"line":884,"column":5}},"line":877},"140":{"name":"(anonymous_140)","decl":{"start":{"line":878,"column":122},"end":{"line":878,"column":123}},"loc":{"start":{"line":878,"column":142},"end":{"line":883,"column":7}},"line":878},"141":{"name":"(anonymous_141)","decl":{"start":{"line":885,"column":74},"end":{"line":885,"column":75}},"loc":{"start":{"line":885,"column":90},"end":{"line":892,"column":5}},"line":885},"142":{"name":"(anonymous_142)","decl":{"start":{"line":886,"column":123},"end":{"line":886,"column":124}},"loc":{"start":{"line":886,"column":143},"end":{"line":891,"column":7}},"line":886},"143":{"name":"(anonymous_143)","decl":{"start":{"line":893,"column":56},"end":{"line":893,"column":57}},"loc":{"start":{"line":893,"column":72},"end":{"line":900,"column":5}},"line":893},"144":{"name":"(anonymous_144)","decl":{"start":{"line":894,"column":131},"end":{"line":894,"column":132}},"loc":{"start":{"line":894,"column":151},"end":{"line":899,"column":7}},"line":894},"145":{"name":"(anonymous_145)","decl":{"start":{"line":901,"column":96},"end":{"line":901,"column":97}},"loc":{"start":{"line":901,"column":112},"end":{"line":908,"column":5}},"line":901},"146":{"name":"(anonymous_146)","decl":{"start":{"line":902,"column":130},"end":{"line":902,"column":131}},"loc":{"start":{"line":902,"column":150},"end":{"line":907,"column":7}},"line":902},"147":{"name":"(anonymous_147)","decl":{"start":{"line":909,"column":61},"end":{"line":909,"column":62}},"loc":{"start":{"line":909,"column":77},"end":{"line":916,"column":5}},"line":909},"148":{"name":"(anonymous_148)","decl":{"start":{"line":910,"column":131},"end":{"line":910,"column":132}},"loc":{"start":{"line":910,"column":151},"end":{"line":915,"column":7}},"line":910},"149":{"name":"(anonymous_149)","decl":{"start":{"line":917,"column":93},"end":{"line":917,"column":94}},"loc":{"start":{"line":917,"column":109},"end":{"line":924,"column":5}},"line":917},"150":{"name":"(anonymous_150)","decl":{"start":{"line":918,"column":131},"end":{"line":918,"column":132}},"loc":{"start":{"line":918,"column":151},"end":{"line":923,"column":7}},"line":918},"151":{"name":"(anonymous_151)","decl":{"start":{"line":925,"column":80},"end":{"line":925,"column":81}},"loc":{"start":{"line":925,"column":96},"end":{"line":932,"column":5}},"line":925},"152":{"name":"(anonymous_152)","decl":{"start":{"line":926,"column":152},"end":{"line":926,"column":153}},"loc":{"start":{"line":926,"column":172},"end":{"line":931,"column":7}},"line":926},"153":{"name":"(anonymous_153)","decl":{"start":{"line":933,"column":77},"end":{"line":933,"column":78}},"loc":{"start":{"line":933,"column":93},"end":{"line":940,"column":5}},"line":933},"154":{"name":"(anonymous_154)","decl":{"start":{"line":934,"column":151},"end":{"line":934,"column":152}},"loc":{"start":{"line":934,"column":171},"end":{"line":939,"column":7}},"line":934},"155":{"name":"(anonymous_155)","decl":{"start":{"line":941,"column":66},"end":{"line":941,"column":67}},"loc":{"start":{"line":941,"column":82},"end":{"line":948,"column":5}},"line":941},"156":{"name":"(anonymous_156)","decl":{"start":{"line":942,"column":150},"end":{"line":942,"column":151}},"loc":{"start":{"line":942,"column":170},"end":{"line":947,"column":7}},"line":942},"157":{"name":"(anonymous_157)","decl":{"start":{"line":949,"column":65},"end":{"line":949,"column":66}},"loc":{"start":{"line":949,"column":81},"end":{"line":956,"column":5}},"line":949},"158":{"name":"(anonymous_158)","decl":{"start":{"line":950,"column":152},"end":{"line":950,"column":153}},"loc":{"start":{"line":950,"column":172},"end":{"line":955,"column":7}},"line":950},"159":{"name":"(anonymous_159)","decl":{"start":{"line":957,"column":95},"end":{"line":957,"column":96}},"loc":{"start":{"line":957,"column":111},"end":{"line":966,"column":5}},"line":957},"160":{"name":"(anonymous_160)","decl":{"start":{"line":960,"column":123},"end":{"line":960,"column":124}},"loc":{"start":{"line":960,"column":143},"end":{"line":965,"column":7}},"line":960}},"branchMap":{"0":{"loc":{"start":{"line":13,"column":46},"end":{"line":13,"column":94}},"type":"cond-expr","locations":[{"start":{"line":13,"column":70},"end":{"line":13,"column":73}},{"start":{"line":13,"column":76},"end":{"line":13,"column":94}}],"line":13},"1":{"loc":{"start":{"line":13,"column":46},"end":{"line":13,"column":67}},"type":"binary-expr","locations":[{"start":{"line":13,"column":46},"end":{"line":13,"column":49}},{"start":{"line":13,"column":53},"end":{"line":13,"column":67}}],"line":13},"2":{"loc":{"start":{"line":24,"column":12},"end":{"line":24,"column":45}},"type":"binary-expr","locations":[{"start":{"line":24,"column":12},"end":{"line":24,"column":34}},{"start":{"line":24,"column":38},"end":{"line":24,"column":45}}],"line":24}},"s":{"0":1,"1":1,"2":1,"3":1,"4":1,"5":4,"6":1,"7":1,"8":1,"9":1,"10":1,"11":1,"12":1,"13":1,"14":1,"15":1,"16":1,"17":1,"18":1,"19":1,"20":1,"21":1,"22":1,"23":1,"24":1,"25":1,"26":1,"27":1,"28":1,"29":1,"30":1,"31":1,"32":1,"33":1,"34":1,"35":1,"36":1,"37":1,"38":1,"39":1,"40":1,"41":1,"42":1,"43":1,"44":1,"45":1,"46":1,"47":1,"48":1,"49":1,"50":1,"51":1,"52":1,"53":1,"54":1,"55":1,"56":1,"57":1,"58":1,"59":1,"60":1,"61":1,"62":1,"63":1,"64":1,"65":1,"66":1,"67":1,"68":1,"69":1,"70":1,"71":1,"72":1,"73":1,"74":1,"75":1,"76":1,"77":1,"78":1,"79":1,"80":1,"81":1,"82":1,"83":1,"84":1,"85":1,"86":1,"87":1,"88":1,"89":1,"90":1,"91":1,"92":1,"93":1,"94":1,"95":1,"96":1,"97":1,"98":1,"99":1,"100":1,"101":1,"102":1,"103":1,"104":1,"105":1,"106":1,"107":1,"108":1,"109":1,"110":1,"111":1,"112":1,"113":1,"114":1,"115":1,"116":1,"117":1,"118":1,"119":1,"120":1,"121":1,"122":1,"123":1,"124":1,"125":1,"126":1,"127":1,"128":1,"129":1,"130":1,"131":1,"132":1,"133":1,"134":1,"135":1,"136":1,"137":1,"138":1,"139":1,"140":1,"141":1,"142":1,"143":1,"144":1,"145":1,"146":1,"147":1,"148":1,"149":1,"150":1,"151":1,"152":1,"153":1,"154":1,"155":1,"156":1,"157":1,"158":1,"159":1,"160":1,"161":1,"162":1,"163":1,"164":1,"165":1,"166":1,"167":1,"168":1,"169":1,"170":1,"171":1,"172":1,"173":1,"174":1,"175":1,"176":1,"177":1,"178":1,"179":1,"180":1,"181":1,"182":1,"183":1,"184":1,"185":1,"186":1,"187":1,"188":1,"189":1,"190":1,"191":1,"192":1,"193":1,"194":1,"195":1,"196":1,"197":1,"198":1,"199":1,"200":1,"201":1,"202":1,"203":1,"204":1,"205":1,"206":1,"207":1,"208":1,"209":1,"210":1,"211":1,"212":1,"213":1,"214":1,"215":1,"216":1,"217":1,"218":1,"219":1,"220":1,"221":1,"222":1,"223":1,"224":1,"225":1,"226":1,"227":1,"228":1,"229":1,"230":1,"231":1,"232":1,"233":1,"234":1,"235":1,"236":1,"237":1,"238":1,"239":1,"240":1,"241":1,"242":1,"243":1,"244":1,"245":1,"246":1,"247":1,"248":1,"249":1,"250":1,"251":1,"252":1,"253":1,"254":1,"255":1,"256":1,"257":1,"258":1,"259":1,"260":1,"261":1,"262":1,"263":1,"264":1,"265":1,"266":1,"267":1,"268":1,"269":1,"270":1,"271":1,"272":1,"273":1,"274":1,"275":1,"276":1,"277":1,"278":1,"279":1,"280":1,"281":1,"282":1,"283":1,"284":1,"285":1,"286":1,"287":1,"288":1,"289":1,"290":1,"291":1,"292":1,"293":1,"294":1,"295":1,"296":1,"297":1,"298":1,"299":1,"300":1,"301":1,"302":1,"303":1,"304":1,"305":1,"306":1,"307":1,"308":1,"309":1,"310":1,"311":1,"312":1,"313":1,"314":1,"315":1,"316":1,"317":1,"318":1,"319":1,"320":1,"321":1,"322":1,"323":1,"324":1,"325":1,"326":1,"327":1,"328":1,"329":1,"330":1,"331":1,"332":1,"333":1,"334":1,"335":1,"336":1,"337":1,"338":1,"339":1,"340":1,"341":1,"342":1,"343":1,"344":1,"345":1,"346":1,"347":1,"348":1,"349":1,"350":1,"351":1,"352":1,"353":1,"354":1,"355":1,"356":1,"357":1,"358":1,"359":1,"360":1,"361":1,"362":1,"363":1,"364":1,"365":1,"366":1,"367":1,"368":1,"369":1,"370":1,"371":1,"372":1,"373":1,"374":1,"375":1,"376":1,"377":1,"378":1,"379":1,"380":1,"381":1,"382":1,"383":1,"384":1,"385":1,"386":1,"387":1,"388":1,"389":1,"390":1,"391":1,"392":1,"393":1,"394":1,"395":1,"396":1,"397":1,"398":1,"399":1,"400":1,"401":1,"402":1,"403":1,"404":1,"405":1,"406":1,"407":1,"408":1,"409":1,"410":1,"411":1,"412":1,"413":1,"414":1,"415":1,"416":1,"417":1,"418":1,"419":1,"420":1,"421":1,"422":1,"423":1,"424":1,"425":1,"426":1,"427":1,"428":1,"429":1,"430":1,"431":1,"432":1,"433":1,"434":1,"435":1,"436":1,"437":1,"438":1,"439":1,"440":1,"441":1,"442":1,"443":1,"444":1,"445":1,"446":1,"447":1,"448":1,"449":1,"450":1,"451":1,"452":1,"453":1,"454":1,"455":1,"456":1,"457":1,"458":1,"459":1,"460":1,"461":1,"462":1,"463":1,"464":1,"465":1,"466":1,"467":1,"468":1,"469":1,"470":1,"471":1,"472":1,"473":1,"474":1,"475":1,"476":1,"477":1,"478":1,"479":1,"480":1,"481":1,"482":1,"483":1,"484":1,"485":1,"486":1,"487":1,"488":1,"489":1,"490":1,"491":1,"492":1,"493":1,"494":1,"495":1,"496":1,"497":1,"498":1,"499":1,"500":1,"501":1,"502":1,"503":1,"504":1,"505":1,"506":1,"507":1,"508":1,"509":1,"510":1,"511":1,"512":1,"513":1,"514":1,"515":1,"516":1,"517":1,"518":1,"519":1,"520":1,"521":1,"522":1,"523":1,"524":1,"525":1,"526":1,"527":1,"528":1,"529":1,"530":1,"531":1,"532":1,"533":1,"534":1,"535":1,"536":1,"537":1,"538":1,"539":1,"540":1,"541":1,"542":1,"543":1,"544":1,"545":1,"546":1,"547":1,"548":1,"549":1,"550":1,"551":1,"552":1,"553":1,"554":1,"555":1,"556":1,"557":1,"558":1,"559":1,"560":1,"561":1,"562":1,"563":1,"564":1,"565":1,"566":1,"567":1,"568":1,"569":1,"570":1,"571":1,"572":1,"573":1,"574":1,"575":1,"576":1,"577":1,"578":1,"579":1,"580":1,"581":1,"582":1,"583":1,"584":1,"585":1,"586":1,"587":1,"588":1,"589":1,"590":1,"591":1,"592":1,"593":1,"594":1,"595":1,"596":1,"597":1,"598":1,"599":1,"600":1,"601":1,"602":1,"603":1,"604":1},"f":{"0":4,"1":1,"2":1,"3":1,"4":1,"5":1,"6":1,"7":1,"8":1,"9":1,"10":1,"11":1,"12":1,"13":1,"14":1,"15":1,"16":1,"17":1,"18":1,"19":1,"20":1,"21":1,"22":1,"23":1,"24":1,"25":1,"26":1,"27":1,"28":1,"29":1,"30":1,"31":1,"32":1,"33":1,"34":1,"35":1,"36":1,"37":1,"38":1,"39":1,"40":1,"41":1,"42":1,"43":1,"44":1,"45":1,"46":1,"47":1,"48":1,"49":1,"50":1,"51":1,"52":1,"53":1,"54":1,"55":1,"56":1,"57":1,"58":1,"59":1,"60":1,"61":1,"62":1,"63":1,"64":1,"65":1,"66":1,"67":1,"68":1,"69":1,"70":1,"71":1,"72":1,"73":1,"74":1,"75":1,"76":1,"77":1,"78":1,"79":1,"80":1,"81":1,"82":1,"83":1,"84":1,"85":1,"86":1,"87":1,"88":1,"89":1,"90":1,"91":1,"92":1,"93":1,"94":1,"95":1,"96":1,"97":1,"98":1,"99":1,"100":1,"101":1,"102":1,"103":1,"104":1,"105":1,"106":1,"107":1,"108":1,"109":1,"110":1,"111":1,"112":1,"113":1,"114":1,"115":1,"116":1,"117":1,"118":1,"119":1,"120":1,"121":1,"122":1,"123":1,"124":1,"125":1,"126":1,"127":1,"128":1,"129":1,"130":1,"131":1,"132":1,"133":1,"134":1,"135":1,"136":1,"137":1,"138":1,"139":1,"140":1,"141":1,"142":1,"143":1,"144":1,"145":1,"146":1,"147":1,"148":1,"149":1,"150":1,"151":1,"152":1,"153":1,"154":1,"155":1,"156":1,"157":1,"158":1,"159":1,"160":1},"b":{"0":[2,2],"1":[4,4],"2":[1,1]},"_coverageSchema":"43e27e138ebf9cfc5966b082cf9a028302ed4184","hash":"666555a26f575d8b0721ba964f0b55a0a44a7fe6","contentHash":"922c3a4bdb0fee185532e403f06cb7775538f0368bfd846dbe002fb1a9edf74a"},"C:\\Users\\RAD-H-B\\Desktop\\App Quick\\Quick-credit\\Quick-credit\\server\\api\\v1\\index.js":{"path":"C:\\Us
[...]
rt":{"line":18,"column":53},"end":{"line":18,"column":67}}],"line":18},"2":{"loc":{"start":{"line":25,"column":2},"end":{"line":67,"column":3}},"type":"if","locations":[{"start":{"line":25,"column":2},"end":{"line":67,"column":3}},{"start":{"line":25,"column":2},"end":{"line":67,"column":3}}],"line":25},"3":{"loc":{"start":{"line":26,"column":4},"end":{"line":31,"column":5}},"type":"if","locations":[{"start":{"line":26,"column":4},"end":{"line":31,"column":5}},{"start":{"line":26,"column":4},"end":{"line":31,"column":5}}],"line":26},"4":{"loc":{"start":{"line":37,"column":4},"end":{"line":42,"column":5}},"type":"if","locations":[{"start":{"line":37,"column":4},"end":{"line":42,"column":5}},{"start":{"line":37,"column":4},"end":{"line":42,"column":5}}],"line":37},"5":{"loc":{"start":{"line":76,"column":2},"end":{"line":127,"column":3}},"type":"if","locations":[{"start":{"line":76,"column":2},"end":{"line":127,"column":3}},{"start":{"line":76,"column":2},"end":{"line":127,"column":3}}],"line":76},"6":{"loc":{"start":{"line":84,"column":4},"end":{"line":121,"column":5}},"type":"if","locations":[{"start":{"line":84,"column":4},"end":{"line":121,"column":5}},{"start":{"line":84,"column":4},"end":{"line":121,"column":5}}],"line":84},"7":{"loc":{"start":{"line":95,"column":6},"end":{"line":102,"column":7}},"type":"if","locations":[{"start":{"line":95,"column":6},"end":{"line":102,"column":7}},{"start":{"line":95,"column":6},"end":{"line":102,"column":7}}],"line":95},"8":{"loc":{"start":{"line":104,"column":6},"end":{"line":111,"column":7}},"type":"if","locations":[{"start":{"line":104,"column":6},"end":{"line":111,"column":7}},{"start":{"line":104,"column":6},"end":{"line":111,"column":7}}],"line":104},"9":{"loc":{"start":{"line":113,"column":6},"end":{"line":120,"column":7}},"type":"if","locations":[{"start":{"line":113,"column":6},"end":{"line":120,"column":7}},{"start":{"line":113,"column":6},"end":{"line":120,"column":7}}],"line":113},"10":{"loc":{"start":{"line":136,"column":2},"end":{"line":188,"column":3}},"type":"if","locations":[{"start":{"line":136,"column":2},"end":{"line":188,"column":3}},{"start":{"line":136,"column":2},"end":{"line":188,"column":3}}],"line":136},"11":{"loc":{"start":{"line":143,"column":4},"end":{"line":182,"column":5}},"type":"if","locations":[{"start":{"line":143,"column":4},"end":{"line":182,"column":5}},{"start":{"line":143,"column":4},"end":{"line":182,"column":5}}],"line":143},"12":{"loc":{"start":{"line":154,"column":6},"end":{"line":167,"column":7}},"type":"if","locations":[{"start":{"line":154,"column":6},"end":{"line":167,"column":7}},{"start":{"line":154,"column":6},"end":{"line":167,"column":7}}],"line":154},"13":{"loc":{"start":{"line":154,"column":10},"end":{"line":154,"column":77}},"type":"binary-expr","locations":[{"start":{"line":154,"column":10},"end":{"line":154,"column":44}},{"start":{"line":154,"column":48},"end":{"line":154,"column":77}}],"line":154},"14":{"loc":{"start":{"line":169,"column":6},"end":{"line":174,"column":7}},"type":"if","locations":[{"start":{"line":169,"column":6},"end":{"line":174,"column":7}},{"start":{"line":169,"column":6},"end":{"line":174,"column":7}}],"line":169},"15":{"loc":{"start":{"line":176,"column":6},"end":{"line":181,"column":7}},"type":"if","locations":[{"start":{"line":176,"column":6},"end":{"line":181,"column":7}},{"start":{"line":176,"column":6},"end":{"line":181,"column":7}}],"line":176},"16":{"loc":{"start":{"line":203,"column":2},"end":{"line":232,"column":3}},"type":"if","locations":[{"start":{"line":203,"column":2},"end":{"line":232,"column":3}},{"start":{"line":203,"column":2},"end":{"line":232,"column":3}}],"line":203},"17":{"loc":{"start":{"line":203,"column":6},"end":{"line":203,"column":52}},"type":"binary-expr","locations":[{"start":{"line":203,"column":6},"end":{"line":203,"column":18}},{"start":{"line":203,"column":22},"end":{"line":203,"column":52}}],"line":203},"18":{"loc":{"start":{"line":208,"column":4},"end":{"line":226,"column":5}},"type":"if","locations":[{"start":{"line":208,"column":4},"end":{"line":226,"column":5}},{"start":{"line":208,"column":4},"end":{"line":226,"column":5}}],"line":208},"19":{"loc":{"start":{"line":213,"column":6},"end":{"line":225,"column":7}},"type":"if","locations":[{"start":{"line":213,"column":6},"end":{"line":225,"column":7}},{"start":{"line":213,"column":6},"end":{"line":225,"column":7}}],"line":213},"20":{"loc":{"start":{"line":214,"column":8},"end":{"line":219,"column":9}},"type":"if","locations":[{"start":{"line":214,"column":8},"end":{"line":219,"column":9}},{"start":{"line":214,"column":8},"end":{"line":219,"column":9}}],"line":214},"21":{"loc":{"start":{"line":241,"column":2},"end":{"line":281,"column":3}},"type":"if","locations":[{"start":{"line":241,"column":2},"end":{"line":281,"column":3}},{"start":{"line":241,"column":2},"end":{"line":281,"column":3}}],"line":241},"22":{"loc":{"start":{"line":245,"column":4},"end":{"line":268,"column":5}},"type":"if","locations":[{"start":{"line":245,"column":4},"end":{"line":268,"column":5}},{"start":{"line":245,"column":4},"end":{"line":268,"column":5}}],"line":245},"23":{"loc":{"start":{"line":245,"column":8},"end":{"line":245,"column":70}},"type":"binary-expr","locations":[{"start":{"line":245,"column":8},"end":{"line":245,"column":37}},{"start":{"line":245,"column":41},"end":{"line":245,"column":70}}],"line":245},"24":{"loc":{"start":{"line":246,"column":6},"end":{"line":251,"column":7}},"type":"if","locations":[{"start":{"line":246,"column":6},"end":{"line":251,"column":7}},{"start":{"line":246,"column":6},"end":{"line":251,"column":7}}],"line":246},"25":{"loc":{"start":{"line":253,"column":6},"end":{"line":258,"column":7}},"type":"if","locations":[{"start":{"line":253,"column":6},"end":{"line":258,"column":7}},{"start":{"line":253,"column":6},"end":{"line":258,"column":7}}],"line":253},"26":{"loc":{"start":{"line":253,"column":10},"end":{"line":253,"column":71}},"type":"binary-expr","locations":[{"start":{"line":253,"column":10},"end":{"line":253,"column":38}},{"start":{"line":253,"column":42},"end":{"line":253,"column":71}}],"line":253},"27":{"loc":{"start":{"line":261,"column":15},"end":{"line":261,"column":101}},"type":"binary-expr","locations":[{"start":{"line":261,"column":15},"end":{"line":261,"column":45}},{"start":{"line":261,"column":49},"end":{"line":261,"column":101}}],"line":261},"28":{"loc":{"start":{"line":270,"column":4},"end":{"line":275,"column":5}},"type":"if","locations":[{"start":{"line":270,"column":4},"end":{"line":275,"column":5}},{"start":{"line":270,"column":4},"end":{"line":275,"column":5}}],"line":270},"29":{"loc":{"start":{"line":290,"column":2},"end":{"line":308,"column":3}},"type":"if","locations":[{"start":{"line":290,"column":2},"end":{"line":308,"column":3}},{"start":{"line":290,"column":2},"end":{"line":308,"column":3}}],"line":290},"30":{"loc":{"start":{"line":297,"column":4},"end":{"line":302,"column":5}},"type":"if","locations":[{"start":{"line":297,"column":4},"end":{"line":302,"column":5}},{"start":{"line":297,"column":4},"end":{"line":302,"column":5}}],"line":297}},"s":{"0":1,"1":1,"2":1,"3":1,"4":1,"5":1,"6":1,"7":5,"8":1,"9":2,"10":4,"11":2,"12":2,"13":1,"14":1,"15":2,"16":1,"17":1,"18":0,"19":0,"20":0,"21":0,"22":0,"23":1,"24":4,"25":4,"26":4,"27":4,"28":7,"29":4,"30":3,"31":3,"32":0,"33":0,"34":0,"35":3,"36":2,"37":2,"38":2,"39":1,"40":1,"41":1,"42":1,"43":1,"44":0,"45":1,"46":5,"47":4,"48":4,"49":9,"50":4,"51":3,"52":3,"53":2,"54":2,"55":2,"56":2,"57":2,"58":2,"59":2,"60":1,"61":1,"62":0,"63":0,"64":1,"65":1,"66":1,"67":3,"68":3,"69":9,"70":3,"71":2,"72":4,"73":2,"74":2,"75":4,"76":2,"77":2,"78":1,"79":1,"80":0,"81":1,"82":1,"83":7,"84":6,"85":6,"86":6,"87":4,"88":1,"89":3,"90":1,"91":2,"92":8,"93":2,"94":2,"95":1,"96":1,"97":1,"98":1,"99":3,"100":2,"101":2,"102":6,"103":2,"104":1,"105":1,"106":1,"107":1,"108":1},"f":{"0":5,"1":2,"2":4,"3":2,"4":4,"5":7,"6":5,"7":9,"8":3,"9":9,"10":4,"11":4,"12":7,"13":8,"14":3,"15":6},"b":{"0":[5,0],"1":[5,5],"2":[2,0],"3":[1,1],"4":[1,0],"5":[4,0],"6":[3,1],"7":[0,3],"8":[2,1],"9":[1,0],"10":[4,1],"11":[3,1],"12":[2,1],"13":[3,2],"14":[1,0],"15":[0,0],"16":[2,1],"17":[3,2],"18":[2,0],"19":[2,0],"20":[1,1],"21":[6,1],"22":[4,2],"23":[6,4],"24":[1,3],"25":[1,2],"26":[3,2],"27":[8,6],"28":[1,1],"29":[2,1],"30":[1,1]},"_coverageSchema":"43e27e138ebf9cfc5966b082cf9a028302ed4184","hash":"6ae75afcdf92c130b80d7abbfc67dc2c6c3e24f4","contentHash":"5cd6b69767c841490c36f4d3b86ed37dd9efd5feaedaca5f2d76c64696386324"},"C:\\Users\\RAD-H-B\\Desktop\\App Quick\\Quick-credit\\Quick-credit\\server\\api\\v1\\db\\loans.js":{"path":"C:\\Users\\RAD-H-B\\Desktop\\App Quick\\Quick-credit\\Quick-credit\\server\\api\\v1\\db\\loans.js","statementMap":{"0":{"start":{"line":3,"column":0},"end":{"line":5,"column":3}},"1":{"start":{"line":6,"column":0},"end":{"line":6,"column":28}},"2":{"start":{"line":7,"column":12},"end":{"line":63,"column":2}},"3":{"start":{"line":64,"column":15},"end":{"line":64,"column":20}},"4":{"start":{"line":65,"column":0},"end":{"line":65,"column":30}}},"fnMap":{},"branchMap":{},"s":{"0":1,"1":1,"2":1,"3":1,"4":1},"f":{},"b":{},"_coverageSchema":"43e27e138ebf9cfc5966b082cf9a028302ed4184","hash":"a49e9d42474abcbb6560abded8e83809a2646aa4","contentHash":"c3ced1d8764a30fc83a2a626c332a454de40b514f7e89e0b546d99a934615693"},"C:\\Users\\RAD-H-B\\Desktop\\App Quick\\Quick-credit\\Quick-credit\\server\\api\\v1\\db\\loanRepayments.js":{"path":"C:\\Users\\RAD-H-B\\Desktop\\App Quick\\Quick-credit\\Quick-credit\\server\\api\\v1\\db\\loanRepayments.js","statementMap":{"0":{"start":{"line":3,"column":0},"end":{"line":5,"column":3}},"1":{"start":{"line":6,"column":0},"end":{"line":6,"column":28}},"2":{"start":{"line":7,"column":21},"end":{"line":7,"column":23}},"3":{"start":{"line":8,"column":15},"end":{"line":8,"column":29}},"4":{"start":{"line":9,"column":0},"end":{"line":9,"column":30}}},"fnMap":{},"branchMap":{},"s":{"0":1,"1":1,"2":1,"3":1,"4":1},"f":{},"b":{},"_coverageSchema":"43e27e138ebf9cfc5966b082cf9a028302ed4184","hash":"1b439ad6f94b715967c6f8291d5e66bc42d7460c","contentHash":"ca99bc1b2797c7d6fa6c3724ca768df70efde03c1dbe6d4b413c18c73439bbd0"},"C:\\Users\\RAD-H-B\\Desktop\\App Quick\\Quick-credit\\Quick-credit\\server\\api\\v1\\helpers\\loanCalculator.js":{"path":"C:\\Users\\RAD-H-B\\Desktop\\App Quick\\Quick-credit\\Quick-credit\\server\\api\\v1\\helpers\\loanCalculator.js","statementMap":{"0":{"start":{"line":3,"column":0},"end":{"line":5,"column":3}},"1":{"start":{"line":6,"column":0},"end":{"line":6,"column":28}},"2":{"start":{"line":8,"column":21},"end":{"line":18,"column":1}},"3":{"start":{"line":9,"column":21},"end":{"line":9,"column":25}},"4":{"start":{"line":10,"column":17},"end":{"line":10,"column":67}},"5":{"start":{"line":11,"column":16},"end":{"line":11,"column":62}},"6":{"start":{"line":12,"column":27},"end":{"line":12,"column":71}},"7":{"start":{"line":13,"column":2},"end":{"line":17,"column":4}},"8":{"start":{"line":20,"column":15},"end":{"line":20,"column":29}},"9":{"start":{"line":21,"column":0},"end":{"line":21,"column":30}}},"fnMap":{"0":{"name":"loanCalculator","decl":{"start":{"line":8,"column":30},"end":{"line":8,"column":44}},"loc":{"start":{"line":8,"column":60},"end":{"line":18,"column":1}},"line":8}},"branchMap":{},"s":{"0":1,"1":1,"2":1,"3":0,"4":0,"5":0,"6":0,"7":0,"8":1,"9":1},"f":{"0":0},"b":{},"_coverageSchema":"43e27e138ebf9cfc5966b082cf9a028302ed4184","hash":"ddc244e3655e34f372b71b1c25c8dd8b17213fd7","contentHash":"f208a7a972ed19687388b09720734fb2d9db32fb58b857fab89a258fbad95ad9"},"C:\\Users\\RAD-H-B\\Desktop\\App Quick\\Quick-credit\\Quick-credit\\server\\api\\v1\\middleware\\loanValidator.js":{"path":"C:\\Users\\RAD-H-B\\Desktop\\App Quick\\Quick-credit\\Quick-credit\\server\\api\\v1\\middleware\\loanValidator.js","statementMap":{"0":{"start":{"line":3,"column":0},"end":{"line":5,"column":3}},"1":{"start":{"line":6,"column":0},"end":{"line":6,"column":28}},"2":{"start":{"line":8,"column":20},"end":{"line":31,"column":1}},"3":{"start":{"line":9,"column":26},"end":{"line":9,"column":28}},"4":{"start":{"line":10,"column":14},"end":{"line":10,"column":36}},"5":{"start":{"line":11,"column":15},"end":{"line":11,"column":42}},"6":{"start":{"line":13,"column":2},"end":{"line":25,"column":3}},"7":{"start":{"line":14,"column":4},"end":{"line":14,"column":50}},"8":{"start":{"line":15,"column":9},"end":{"line":25,"column":3}},"9":{"start":{"line":16,"column":4},"end":{"line":16,"column":57}},"10":{"start":{"line":17,"column":9},"end":{"line":25,"column":3}},"11":{"start":{"line":18,"column":4},"end":{"line":18,"column":63}},"12":{"start":{"line":19,"column":9},"end":{"line":25,"column":3}},"13":{"start":{"line":20,"column":4},"end":{"line":20,"column":51}},"14":{"start":{"line":21,"column":9},"end":{"line":25,"column":3}},"15":{"start":{"line":22,"column":4},"end":{"line":22,"column":52}},"16":{"start":{"line":23,"column":9},"end":{"line":25,"column":3}},"17":{"start":{"line":24,"column":4},"end":{"line":24,"column":67}},"18":{"start":{"line":27,"column":2},"end":{"line":30,"column":5}},"19":{"start":{"line":33,"column":29},"end":{"line":45,"column":1}},"20":{"start":{"line":34,"column":26},"end":{"line":34,"column":28}},"21":{"start":{"line":35,"column":19},"end":{"line":35,"column":50}},"22":{"start":{"line":37,"column":2},"end":{"line":39,"column":3}},"23":{"start":{"line":38,"column":4},"end":{"line":38,"column":51}},"24":{"start":{"line":41,"column":2},"end":{"line":44,"column":5}},"25":{"start":{"line":47,"column":25},"end":{"line":61,"column":1}},"26":{"start":{"line":48,"column":26},"end":{"line":48,"column":28}},"27":{"start":{"line":49,"column":15},"end":{"line":49,"column":37}},"28":{"start":{"line":51,"column":2},"end":{"line":55,"column":3}},"29":{"start":{"line":52,"column":4},"end":{"line":52,"column":46}},"30":{"start":{"line":53,"column":9},"end":{"line":55,"column":3}},"31":{"start":{"line":54,"column":4},"end":{"line":54,"column":95}},"32":{"start":{"line":57,"column":2},"end":{"line":60,"column":5}},"33":{"start":{"line":63,"column":21},"end":{"line":76,"column":1}},"34":{"start":{"line":64,"column":26},"end":{"line":64,"column":28}},"35":{"start":{"line":65,"column":15},"end":{"line":65,"column":32}},"36":{"start":{"line":66,"column":2},"end":{"line":66,"column":32}},"37":{"start":{"line":68,"column":2},"end":{"line":70,"column":3}},"38":{"start":{"line":69,"column":4},"end":{"line":69,"column":47}},"39":{"start":{"line":72,"column":2},"end":{"line":75,"column":5}},"40":{"start":{"line":78,"column":15},"end":{"line":83,"column":1}},"41":{"start":{"line":84,"column":0},"end":{"line":84,"column":30}}},"fnMap":{"0":{"name":"valiidateLoan","decl":{"start":{"line":8,"column":29},"end":{"line":8,"column":42}},"loc":{"start":{"line":8,"column":59},"end":{"line":31,"column":1}},"line":8},"1":{"name":"valiidateLoanRepayment","decl":{"start":{"line":33,"column":38},"end":{"line":33,"column":60}},"loc":{"start":{"line":33,"column":77},"end":{"line":45,"column":1}},"line":33},"2":{"name":"validateLoanStatus","decl":{"start":{"line":47,"column":34},"end":{"line":47,"column":52}},"loc":{"start":{"line":47,"column":69},"end":{"line":61,"column":1}},"line":47},"3":{"name":"validateLoanId","decl":{"start":{"line":63,"column":30},"end":{"line":63,"column":44}},"loc":{"start":{"line":63,"column":61},"end":{"line":76,"column":1}},"line":63}},"branchMap":{"0":{"loc":{"start":{"line":13,"column":2},"end":{"line":25,"column":3}},"type":"if","locations":[{"start":{"line":13,"column":2},"end":{"line":25,"column":3}},{"start":{"line":13,"column":2},"end":{"line":25,"column":3}}],"line":13},"1":{"loc":{"start":{"line":15,"column":9},"end":{"line":25,"column":3}},"type":"if","locations":[{"start":{"line":15,"column":9},"end":{"line":25,"column":3}},{"start":{"line":15,"column":9},"end":{"line":25,"column":3}}],"line":15},"2":{"loc":{"start":{"line":17,"column":9},"end":{"line":25,"column":3}},"type":"if","locations":[{"start":{"line":17,"column":9},"end":{"line":25,"column":3}},{"start":{"line":17,"column":9},"end":{"line":25,"column":3}}],"line":17},"3":{"loc":{"start":{"line":17,"column":13},"end":{"line":17,"column":36}},"type":"binary-expr","locations":[{"start":{"line":17,"column":13},"end":{"line":17,"column":22}},{"start":{"line":17,"column":26},"end":{"line":17,"column":36}}],"line":17},"4":{"loc":{"start":{"line":19,"column":9},"end":{"line":25,"column":3}},"type":"if","locations":[{"start":{"line":19,"column":9},"end":{"line":25,"column":3}},{"start":{"line":19,"column":9},"end":{"line":25,"column":3}}],"line":19},"5":{"loc":{"start":{"line":21,"column":9},"end":{"line":25,"column":3}},"type":"if","locations":[{"start":{"line":21,"column":9},"end":{"line":25,"column":3}},{"start":{"line":21,"column":9},"end":{"line":25,"column":3}}],"line":21},"6":{"loc":{"start":{"line":23,"column":9},"end":{"line":25,"column":3}},"type":"if","locations":[{"start":{"line":23,"column":9},"end":{"line":25,"column":3}},{"start":{"line":23,"column":9},"end":{"line":25,"column":3}}],"line":23},"7":{"loc":{"start":{"line":27,"column":9},"end":{"line":30,"column":4}},"type":"cond-expr","locations":[{"start":{"line":27,"column":42},"end":{"line":27,"column":48}},{"start":{"line":27,"column":51},"end":{"line":30,"column":4}}],"line":27},"8":{"loc":{"start":{"line":37,"column":2},"end":{"line":39,"column":3}},"type":"if","locations":[{"start":{"line":37,"column":2},"end":{"line":39,"column":3}},{"start":{"line":37,"column":2},"end":{"line":39,"column":3}}],"line":37},"9":{"loc":{"start":{"line":41,"column":9},"end":{"line":44,"column":4}},"type":"cond-expr","locations":[{"start":{"line":41,"column":42},"end":{"line":41,"column":48}},{"start":{"line":41,"column":51},"end":{"line":44,"column":4}}],"line":41},"10":{"loc":{"start":{"line":51,"column":2},"end":{"line":55,"column":3}},"type":"if","locations":[{"start":{"line":51,"column":2},"end":{"line":55,"column":3}},{"start":{"line":51,"column":2},"end":{"line":55,"column":3}}],"line":51},"11":{"loc":{"start":{"line":53,"column":9},"end":{"line":55,"column":3}},"type":"if","locations":[{"start":{"line":53,"column":9},"end":{"line":55,"column":3}},{"start":{"line":53,"column":9},"end":{"line":55,"column":3}}],"line":53},"12":{"loc":{"start":{"line":53,"column":13},"end":{"line":53,"column":90}},"type":"binary-expr","locations":[{"start":{"line":53,"column":13},"end":{"line":53,"column":41}},{"start":{"line":53,"column":45},"end":{"line":53,"column":66}},{"start":{"line":53,"column":70},"end":{"line":53,"column":90}}],"line":53},"13":{"loc":{"start":{"line":57,"column":9},"end":{"line":60,"column":4}},"type":"cond-expr","locations":[{"start":{"line":57,"column":42},"end":{"line":57,"column":48}},{"start":{"line":57,"column":51},"end":{"line":60,"column":4}}],"line":57},"14":{"loc":{"start":{"line":68,"column":2},"end":{"line":70,"column":3}},"type":"if","locations":[{"start":{"line":68,"column":2},"end":{"line":70,"column":3}},{"start":{"line":68,"column":2},"end":{"line":70,"column":3}}],"line":68},"15":{"loc":{"start":{"line":72,"column":9},"end":{"line":75,"column":4}},"type":"cond-expr","locations":[{"start":{"line":72,"column":42},"end":{"line":72,"column":48}},{"start":{"line":72,"column":51},"end":{"line":75,"column":4}}],"line":72}},"s":{"0":1,"1":1,"2":1,"3":8,"4":8,"5":8,"6":8,"7":1,"8":7,"9":1,"10":6,"11":1,"12":5,"13":1,"14":4,"15":1,"16":3,"17":1,"18":8,"19":1,"20":6,"21":6,"22":6,"23":1,"24":6,"25":1,"26":4,"27":4,"28":4,"29":0,"30":4,"31":0,"32":4,"33":1,"34":8,"35":8,"36":8,"37":8,"38":2,"39":8,"40":1,"41":1},"f":{"0":8,"1":6,"2":4,"3":8},"b":{"0":[1,7],"1":[1,6],"2":[1,5],"3":[6,6],"4":[1,4],"5":[1,3],"6":[1,2],"7":[2,6],"8":[1,5],"9":[5,1],"10":[0,4],"11":[0,4],"12":[4,2,1],"13":[4,0],"14":[2,6],"15":[6,2]},"_coverageSchema":"43e27e138ebf9cfc5966b082cf9a028302ed4184","hash":"6189e3aebab2d4b7bef20e170fed9be31aa38c1e","contentHash":"5cc977fabd6ab51606177a5fa446334c6bf68ee11b297f19193827698090e473"}}